{"total": {"lines":{"total":3129,"covered":2057,"skipped":0,"pct":65.73},"statements":{"total":3129,"covered":2057,"skipped":0,"pct":65.73},"functions":{"total":130,"covered":97,"skipped":0,"pct":74.61},"branches":{"total":476,"covered":399,"skipped":0,"pct":83.82},"branchesTrue":{"total":0,"covered":0,"skipped":0,"pct":100}}
,"E:\\git\\kids-daily-quiz\\App.tsx": {"lines":{"total":199,"covered":0,"skipped":0,"pct":0},"functions":{"total":1,"covered":0,"skipped":0,"pct":0},"statements":{"total":199,"covered":0,"skipped":0,"pct":0},"branches":{"total":1,"covered":0,"skipped":0,"pct":0}}
,"E:\\git\\kids-daily-quiz\\index.tsx": {"lines":{"total":16,"covered":0,"skipped":0,"pct":0},"functions":{"total":1,"covered":0,"skipped":0,"pct":0},"statements":{"total":16,"covered":0,"skipped":0,"pct":0},"branches":{"total":1,"covered":0,"skipped":0,"pct":0}}
,"E:\\git\\kids-daily-quiz\\types.ts": {"lines":{"total":0,"covered":0,"skipped":0,"pct":0},"functions":{"total":1,"covered":1,"skipped":0,"pct":0},"statements":{"total":0,"covered":0,"skipped":0,"pct":0},"branches":{"total":1,"covered":1,"skipped":0,"pct":0}}
,"E:\\git\\kids-daily-quiz\\__tests__\\hooks\\useDelayedUnmount.test.tsx": {"lines":{"total":28,"covered":0,"skipped":0,"pct":0},"functions":{"total":1,"covered":0,"skipped":0,"pct":0},"statements":{"total":28,"covered":0,"skipped":0,"pct":0},"branches":{"total":1,"covered":0,"skipped":0,"pct":0}}
,"E:\\git\\kids-daily-quiz\\__tests__\\services\\aiService.test.ts": {"lines":{"total":69,"covered":0,"skipped":0,"pct":0},"functions":{"total":1,"covered":0,"skipped":0,"pct":0},"statements":{"total":69,"covered":0,"skipped":0,"pct":0},"branches":{"total":1,"covered":0,"skipped":0,"pct":0}}
,"E:\\git\\kids-daily-quiz\\__tests__\\services\\quizHistory.test.ts": {"lines":{"total":62,"covered":0,"skipped":0,"pct":0},"functions":{"total":1,"covered":0,"skipped":0,"pct":0},"statements":{"total":62,"covered":0,"skipped":0,"pct":0},"branches":{"total":1,"covered":0,"skipped":0,"pct":0}}
,"E:\\git\\kids-daily-quiz\\components\\Accordion.tsx": {"lines":{"total":26,"covered":24,"skipped":0,"pct":92.3},"functions":{"total":2,"covered":1,"skipped":0,"pct":50},"statements":{"total":26,"covered":24,"skipped":0,"pct":92.3},"branches":{"total":5,"covered":5,"skipped":0,"pct":100}}
,"E:\\git\\kids-daily-quiz\\components\\AiQuizGeneratorModal.tsx": {"lines":{"total":126,"covered":0,"skipped":0,"pct":0},"functions":{"total":1,"covered":0,"skipped":0,"pct":0},"statements":{"total":126,"covered":0,"skipped":0,"pct":0},"branches":{"total":1,"covered":0,"skipped":0,"pct":0}}
,"E:\\git\\kids-daily-quiz\\components\\Button.tsx": {"lines":{"total":49,"covered":46,"skipped":0,"pct":93.87},"functions":{"total":1,"covered":1,"skipped":0,"pct":100},"statements":{"total":49,"covered":46,"skipped":0,"pct":93.87},"branches":{"total":6,"covered":2,"skipped":0,"pct":33.33}}
,"E:\\git\\kids-daily-quiz\\components\\Footer.tsx": {"lines":{"total":17,"covered":0,"skipped":0,"pct":0},"functions":{"total":1,"covered":0,"skipped":0,"pct":0},"statements":{"total":17,"covered":0,"skipped":0,"pct":0},"branches":{"total":1,"covered":0,"skipped":0,"pct":0}}
,"E:\\git\\kids-daily-quiz\\components\\Header.tsx": {"lines":{"total":48,"covered":48,"skipped":0,"pct":100},"functions":{"total":2,"covered":1,"skipped":0,"pct":50},"statements":{"total":48,"covered":48,"skipped":0,"pct":100},"branches":{"total":5,"covered":4,"skipped":0,"pct":80}}
,"E:\\git\\kids-daily-quiz\\components\\HelpModal.tsx": {"lines":{"total":159,"covered":0,"skipped":0,"pct":0},"functions":{"total":1,"covered":0,"skipped":0,"pct":0},"statements":{"total":159,"covered":0,"skipped":0,"pct":0},"branches":{"total":1,"covered":0,"skipped":0,"pct":0}}
,"E:\\git\\kids-daily-quiz\\components\\LevelSelector.tsx": {"lines":{"total":30,"covered":30,"skipped":0,"pct":100},"functions":{"total":2,"covered":2,"skipped":0,"pct":100},"statements":{"total":30,"covered":30,"skipped":0,"pct":100},"branches":{"total":11,"covered":11,"skipped":0,"pct":100}}
,"E:\\git\\kids-daily-quiz\\components\\Modal.tsx": {"lines":{"total":34,"covered":31,"skipped":0,"pct":91.17},"functions":{"total":1,"covered":1,"skipped":0,"pct":100},"statements":{"total":34,"covered":31,"skipped":0,"pct":91.17},"branches":{"total":2,"covered":1,"skipped":0,"pct":50}}
,"E:\\git\\kids-daily-quiz\\components\\QuizForm.tsx": {"lines":{"total":206,"covered":203,"skipped":0,"pct":98.54},"functions":{"total":13,"covered":12,"skipped":0,"pct":92.3},"statements":{"total":206,"covered":203,"skipped":0,"pct":98.54},"branches":{"total":60,"covered":48,"skipped":0,"pct":80}}
,"E:\\git\\kids-daily-quiz\\components\\QuizGenerator.tsx": {"lines":{"total":113,"covered":112,"skipped":0,"pct":99.11},"functions":{"total":3,"covered":3,"skipped":0,"pct":100},"statements":{"total":113,"covered":112,"skipped":0,"pct":99.11},"branches":{"total":32,"covered":26,"skipped":0,"pct":81.25}}
,"E:\\git\\kids-daily-quiz\\components\\SettingsModal.tsx": {"lines":{"total":302,"covered":282,"skipped":0,"pct":93.37},"functions":{"total":15,"covered":9,"skipped":0,"pct":60},"statements":{"total":302,"covered":282,"skipped":0,"pct":93.37},"branches":{"total":47,"covered":33,"skipped":0,"pct":70.21}}
,"E:\\git\\kids-daily-quiz\\components\\Toast.tsx": {"lines":{"total":32,"covered":32,"skipped":0,"pct":100},"functions":{"total":2,"covered":2,"skipped":0,"pct":100},"statements":{"total":32,"covered":32,"skipped":0,"pct":100},"branches":{"total":12,"covered":12,"skipped":0,"pct":100}}
,"E:\\git\\kids-daily-quiz\\components\\Tooltip.tsx": {"lines":{"total":24,"covered":24,"skipped":0,"pct":100},"functions":{"total":3,"covered":3,"skipped":0,"pct":100},"statements":{"total":24,"covered":24,"skipped":0,"pct":100},"branches":{"total":4,"covered":4,"skipped":0,"pct":100}}
,"E:\\git\\kids-daily-quiz\\contexts\\AuthContext.tsx": {"lines":{"total":26,"covered":0,"skipped":0,"pct":0},"functions":{"total":1,"covered":0,"skipped":0,"pct":0},"statements":{"total":26,"covered":0,"skipped":0,"pct":0},"branches":{"total":1,"covered":0,"skipped":0,"pct":0}}
,"E:\\git\\kids-daily-quiz\\hooks\\useDelayedUnmount.tsx": {"lines":{"total":24,"covered":20,"skipped":0,"pct":83.33},"functions":{"total":2,"covered":1,"skipped":0,"pct":50},"statements":{"total":24,"covered":20,"skipped":0,"pct":83.33},"branches":{"total":7,"covered":7,"skipped":0,"pct":100}}
,"E:\\git\\kids-daily-quiz\\pages\\HistoryPage.tsx": {"lines":{"total":88,"covered":0,"skipped":0,"pct":0},"functions":{"total":1,"covered":0,"skipped":0,"pct":0},"statements":{"total":88,"covered":0,"skipped":0,"pct":0},"branches":{"total":1,"covered":0,"skipped":0,"pct":0}}
,"E:\\git\\kids-daily-quiz\\pages\\ImportPage.tsx": {"lines":{"total":26,"covered":0,"skipped":0,"pct":0},"functions":{"total":1,"covered":0,"skipped":0,"pct":0},"statements":{"total":26,"covered":0,"skipped":0,"pct":0},"branches":{"total":1,"covered":0,"skipped":0,"pct":0}}
,"E:\\git\\kids-daily-quiz\\pages\\QuizPage.tsx": {"lines":{"total":32,"covered":0,"skipped":0,"pct":0},"functions":{"total":1,"covered":0,"skipped":0,"pct":0},"statements":{"total":32,"covered":0,"skipped":0,"pct":0},"branches":{"total":1,"covered":0,"skipped":0,"pct":0}}
,"E:\\git\\kids-daily-quiz\\services\\aiService.ts": {"lines":{"total":52,"covered":52,"skipped":0,"pct":100},"functions":{"total":3,"covered":3,"skipped":0,"pct":100},"statements":{"total":52,"covered":52,"skipped":0,"pct":100},"branches":{"total":25,"covered":14,"skipped":0,"pct":56}}
,"E:\\git\\kids-daily-quiz\\services\\api.ts": {"lines":{"total":113,"covered":93,"skipped":0,"pct":82.3},"functions":{"total":12,"covered":9,"skipped":0,"pct":75},"statements":{"total":113,"covered":93,"skipped":0,"pct":82.3},"branches":{"total":28,"covered":21,"skipped":0,"pct":75}}
,"E:\\git\\kids-daily-quiz\\services\\quizHistory.ts": {"lines":{"total":51,"covered":50,"skipped":0,"pct":98.03},"functions":{"total":5,"covered":5,"skipped":0,"pct":100},"statements":{"total":51,"covered":50,"skipped":0,"pct":98.03},"branches":{"total":16,"covered":14,"skipped":0,"pct":87.5}}
,"E:\\git\\kids-daily-quiz\\tests\\Header.test.tsx": {"lines":{"total":70,"covered":70,"skipped":0,"pct":100},"functions":{"total":1,"covered":1,"skipped":0,"pct":100},"statements":{"total":70,"covered":70,"skipped":0,"pct":100},"branches":{"total":6,"covered":6,"skipped":0,"pct":100}}
,"E:\\git\\kids-daily-quiz\\tests\\SettingsModal.api.test.tsx": {"lines":{"total":74,"covered":74,"skipped":0,"pct":100},"functions":{"total":2,"covered":2,"skipped":0,"pct":100},"statements":{"total":74,"covered":74,"skipped":0,"pct":100},"branches":{"total":9,"covered":9,"skipped":0,"pct":100}}
,"E:\\git\\kids-daily-quiz\\tests\\SettingsModal.storage.test.tsx": {"lines":{"total":54,"covered":54,"skipped":0,"pct":100},"functions":{"total":2,"covered":2,"skipped":0,"pct":100},"statements":{"total":54,"covered":54,"skipped":0,"pct":100},"branches":{"total":7,"covered":7,"skipped":0,"pct":100}}
,"E:\\git\\kids-daily-quiz\\tests\\Toast.test.tsx": {"lines":{"total":46,"covered":46,"skipped":0,"pct":100},"functions":{"total":0,"covered":0,"skipped":0,"pct":100},"statements":{"total":46,"covered":46,"skipped":0,"pct":100},"branches":{"total":9,"covered":9,"skipped":0,"pct":100}}
,"E:\\git\\kids-daily-quiz\\tests\\apiErrorHandling.test.ts": {"lines":{"total":40,"covered":40,"skipped":0,"pct":100},"functions":{"total":3,"covered":3,"skipped":0,"pct":100},"statements":{"total":40,"covered":40,"skipped":0,"pct":100},"branches":{"total":11,"covered":11,"skipped":0,"pct":100}}
,"E:\\git\\kids-daily-quiz\\tests\\apiHeaders.test.ts": {"lines":{"total":25,"covered":23,"skipped":0,"pct":92},"functions":{"total":0,"covered":0,"skipped":0,"pct":100},"statements":{"total":25,"covered":23,"skipped":0,"pct":92},"branches":{"total":7,"covered":4,"skipped":0,"pct":57.14}}
,"E:\\git\\kids-daily-quiz\\tests\\generateQuizFunction.test.ts": {"lines":{"total":126,"covered":126,"skipped":0,"pct":100},"functions":{"total":17,"covered":17,"skipped":0,"pct":100},"statements":{"total":126,"covered":126,"skipped":0,"pct":100},"branches":{"total":33,"covered":33,"skipped":0,"pct":100}}
,"E:\\git\\kids-daily-quiz\\tests\\quizStore.test.ts": {"lines":{"total":30,"covered":30,"skipped":0,"pct":100},"functions":{"total":2,"covered":2,"skipped":0,"pct":100},"statements":{"total":30,"covered":30,"skipped":0,"pct":100},"branches":{"total":8,"covered":8,"skipped":0,"pct":100}}
,"E:\\git\\kids-daily-quiz\\tests\\quizStoreCrud.test.ts": {"lines":{"total":22,"covered":22,"skipped":0,"pct":100},"functions":{"total":0,"covered":0,"skipped":0,"pct":100},"statements":{"total":22,"covered":22,"skipped":0,"pct":100},"branches":{"total":3,"covered":3,"skipped":0,"pct":100}}
,"E:\\git\\kids-daily-quiz\\tests\\saveQuizFunction.test.ts": {"lines":{"total":40,"covered":40,"skipped":0,"pct":100},"functions":{"total":0,"covered":0,"skipped":0,"pct":100},"statements":{"total":40,"covered":40,"skipped":0,"pct":100},"branches":{"total":8,"covered":8,"skipped":0,"pct":100}}
,"E:\\git\\kids-daily-quiz\\tests\\settingsManager.test.ts": {"lines":{"total":29,"covered":29,"skipped":0,"pct":100},"functions":{"total":0,"covered":0,"skipped":0,"pct":100},"statements":{"total":29,"covered":29,"skipped":0,"pct":100},"branches":{"total":4,"covered":4,"skipped":0,"pct":100}}
,"E:\\git\\kids-daily-quiz\\tests\\settingsManagerError.test.ts": {"lines":{"total":20,"covered":20,"skipped":0,"pct":100},"functions":{"total":0,"covered":0,"skipped":0,"pct":100},"statements":{"total":20,"covered":20,"skipped":0,"pct":100},"branches":{"total":4,"covered":4,"skipped":0,"pct":100}}
,"E:\\git\\kids-daily-quiz\\tests\\components\\QuizForm.test.tsx": {"lines":{"total":114,"covered":114,"skipped":0,"pct":100},"functions":{"total":0,"covered":0,"skipped":0,"pct":100},"statements":{"total":114,"covered":114,"skipped":0,"pct":100},"branches":{"total":17,"covered":17,"skipped":0,"pct":100}}
,"E:\\git\\kids-daily-quiz\\tests\\components\\QuizGenerator.test.tsx": {"lines":{"total":77,"covered":77,"skipped":0,"pct":100},"functions":{"total":1,"covered":1,"skipped":0,"pct":100},"statements":{"total":77,"covered":77,"skipped":0,"pct":100},"branches":{"total":17,"covered":17,"skipped":0,"pct":100}}
,"E:\\git\\kids-daily-quiz\\tests\\e2e\\quiz-flow.spec.ts": {"lines":{"total":23,"covered":0,"skipped":0,"pct":0},"functions":{"total":1,"covered":0,"skipped":0,"pct":0},"statements":{"total":23,"covered":0,"skipped":0,"pct":0},"branches":{"total":1,"covered":0,"skipped":0,"pct":0}}
,"E:\\git\\kids-daily-quiz\\tests\\hooks\\useDelayedUnmount.test.tsx": {"lines":{"total":28,"covered":28,"skipped":0,"pct":100},"functions":{"total":2,"covered":2,"skipped":0,"pct":100},"statements":{"total":28,"covered":28,"skipped":0,"pct":100},"branches":{"total":9,"covered":9,"skipped":0,"pct":100}}
,"E:\\git\\kids-daily-quiz\\tests\\services\\aiService.test.ts": {"lines":{"total":69,"covered":69,"skipped":0,"pct":100},"functions":{"total":4,"covered":4,"skipped":0,"pct":100},"statements":{"total":69,"covered":69,"skipped":0,"pct":100},"branches":{"total":13,"covered":13,"skipped":0,"pct":100}}
,"E:\\git\\kids-daily-quiz\\tests\\services\\quizHistory.test.ts": {"lines":{"total":80,"covered":78,"skipped":0,"pct":97.5},"functions":{"total":6,"covered":4,"skipped":0,"pct":66.66},"statements":{"total":80,"covered":78,"skipped":0,"pct":97.5},"branches":{"total":15,"covered":13,"skipped":0,"pct":86.66}}
,"E:\\git\\kids-daily-quiz\\types\\netlify-blobs.d.ts": {"lines":{"total":0,"covered":0,"skipped":0,"pct":0},"functions":{"total":1,"covered":1,"skipped":0,"pct":0},"statements":{"total":0,"covered":0,"skipped":0,"pct":0},"branches":{"total":1,"covered":1,"skipped":0,"pct":0}}
,"E:\\git\\kids-daily-quiz\\utils\\localStorageManager.ts": {"lines":{"total":80,"covered":0,"skipped":0,"pct":0},"functions":{"total":1,"covered":1,"skipped":0,"pct":100},"statements":{"total":80,"covered":0,"skipped":0,"pct":0},"branches":{"total":1,"covered":1,"skipped":0,"pct":100}}
,"E:\\git\\kids-daily-quiz\\utils\\settingsManager.ts": {"lines":{"total":91,"covered":70,"skipped":0,"pct":76.92},"functions":{"total":6,"covered":1,"skipped":0,"pct":16.66},"statements":{"total":91,"covered":70,"skipped":0,"pct":76.92},"branches":{"total":18,"covered":17,"skipped":0,"pct":94.44}}
,"E:\\git\\kids-daily-quiz\\utils\\tts.ts": {"lines":{"total":39,"covered":0,"skipped":0,"pct":0},"functions":{"total":1,"covered":1,"skipped":0,"pct":100},"statements":{"total":39,"covered":0,"skipped":0,"pct":0},"branches":{"total":1,"covered":1,"skipped":0,"pct":100}}
,"E:\\git\\kids-daily-quiz\\utils\\untitled.tsx": {"lines":{"total":0,"covered":0,"skipped":0,"pct":0},"functions":{"total":1,"covered":1,"skipped":0,"pct":0},"statements":{"total":0,"covered":0,"skipped":0,"pct":0},"branches":{"total":1,"covered":1,"skipped":0,"pct":0}}
}
