TN:
SF:App.tsx
FN:1,(empty-report)
FNF:1
FNH:0
FNDA:0,(empty-report)
DA:1,0
DA:2,0
DA:4,0
DA:5,0
DA:6,0
DA:8,0
DA:9,0
DA:10,0
DA:11,0
DA:12,0
DA:13,0
DA:14,0
DA:16,0
DA:17,0
DA:20,0
DA:23,0
DA:24,0
DA:25,0
DA:26,0
DA:27,0
DA:28,0
DA:29,0
DA:30,0
DA:31,0
DA:34,0
DA:35,0
DA:38,0
DA:39,0
DA:40,0
DA:41,0
DA:42,0
DA:45,0
DA:46,0
DA:47,0
DA:48,0
DA:49,0
DA:50,0
DA:51,0
DA:52,0
DA:53,0
DA:54,0
DA:55,0
DA:56,0
DA:57,0
DA:58,0
DA:60,0
DA:61,0
DA:62,0
DA:63,0
DA:64,0
DA:65,0
DA:67,0
DA:68,0
DA:70,0
DA:71,0
DA:72,0
DA:73,0
DA:75,0
DA:76,0
DA:77,0
DA:78,0
DA:80,0
DA:81,0
DA:82,0
DA:83,0
DA:84,0
DA:85,0
DA:86,0
DA:87,0
DA:89,0
DA:90,0
DA:91,0
DA:92,0
DA:93,0
DA:94,0
DA:95,0
DA:96,0
DA:97,0
DA:98,0
DA:99,0
DA:100,0
DA:101,0
DA:102,0
DA:103,0
DA:104,0
DA:105,0
DA:106,0
DA:107,0
DA:108,0
DA:110,0
DA:111,0
DA:112,0
DA:113,0
DA:114,0
DA:115,0
DA:116,0
DA:118,0
DA:119,0
DA:121,0
DA:122,0
DA:123,0
DA:124,0
DA:125,0
DA:127,0
DA:128,0
DA:129,0
DA:130,0
DA:131,0
DA:132,0
DA:134,0
DA:136,0
DA:139,0
DA:140,0
DA:141,0
DA:142,0
DA:143,0
DA:144,0
DA:145,0
DA:146,0
DA:147,0
DA:148,0
DA:149,0
DA:150,0
DA:151,0
DA:152,0
DA:153,0
DA:154,0
DA:155,0
DA:156,0
DA:159,0
DA:160,0
DA:161,0
DA:162,0
DA:163,0
DA:164,0
DA:165,0
DA:167,0
DA:169,0
DA:170,0
DA:171,0
DA:173,0
DA:175,0
DA:176,0
DA:177,0
DA:178,0
DA:180,0
DA:181,0
DA:182,0
DA:184,0
DA:185,0
DA:186,0
DA:187,0
DA:188,0
DA:189,0
DA:190,0
DA:191,0
DA:193,0
DA:194,0
DA:195,0
DA:196,0
DA:197,0
DA:198,0
DA:199,0
DA:201,0
DA:202,0
DA:203,0
DA:204,0
DA:205,0
DA:206,0
DA:207,0
DA:209,0
DA:210,0
DA:211,0
DA:212,0
DA:213,0
DA:215,0
DA:216,0
DA:217,0
DA:218,0
DA:219,0
DA:220,0
DA:221,0
DA:222,0
DA:223,0
DA:224,0
DA:225,0
DA:226,0
DA:227,0
DA:228,0
DA:229,0
DA:230,0
DA:231,0
DA:232,0
DA:233,0
DA:234,0
DA:235,0
DA:236,0
DA:238,0
DA:240,0
LF:199
LH:0
BRDA:1,0,0,0
BRF:1
BRH:0
end_of_record
TN:
SF:index.tsx
FN:1,(empty-report)
FNF:1
FNH:0
FNDA:0,(empty-report)
DA:1,0
DA:2,0
DA:3,0
DA:4,0
DA:6,0
DA:7,0
DA:8,0
DA:9,0
DA:11,0
DA:12,0
DA:13,0
DA:14,0
DA:15,0
DA:16,0
DA:17,0
DA:18,0
LF:16
LH:0
BRDA:1,0,0,0
BRF:1
BRH:0
end_of_record
TN:
SF:types.ts
FN:1,(empty-report)
FNF:1
FNH:1
FNDA:1,(empty-report)
LF:0
LH:0
BRDA:1,0,0,1
BRF:1
BRH:1
end_of_record
TN:
SF:__tests__\hooks\useDelayedUnmount.test.tsx
FN:1,(empty-report)
FNF:1
FNH:0
FNDA:0,(empty-report)
DA:1,0
DA:2,0
DA:3,0
DA:6,0
DA:8,0
DA:9,0
DA:10,0
DA:11,0
DA:12,0
DA:15,0
DA:17,0
DA:18,0
DA:21,0
DA:22,0
DA:23,0
DA:24,0
DA:25,0
DA:26,0
DA:28,0
DA:29,0
DA:30,0
DA:31,0
DA:32,0
DA:33,0
DA:34,0
DA:35,0
DA:36,0
DA:37,0
LF:28
LH:0
BRDA:1,0,0,0
BRF:1
BRH:0
end_of_record
TN:
SF:__tests__\services\aiService.test.ts
FN:1,(empty-report)
FNF:1
FNH:0
FNDA:0,(empty-report)
DA:1,0
DA:11,0
DA:14,0
DA:15,0
DA:16,0
DA:17,0
DA:18,0
DA:20,0
DA:21,0
DA:22,0
DA:24,0
DA:25,0
DA:26,0
DA:27,0
DA:28,0
DA:29,0
DA:30,0
DA:31,0
DA:32,0
DA:34,0
DA:35,0
DA:36,0
DA:37,0
DA:38,0
DA:39,0
DA:40,0
DA:41,0
DA:42,0
DA:44,0
DA:45,0
DA:46,0
DA:47,0
DA:48,0
DA:50,0
DA:51,0
DA:52,0
DA:53,0
DA:54,0
DA:55,0
DA:56,0
DA:57,0
DA:58,0
DA:59,0
DA:60,0
DA:61,0
DA:62,0
DA:63,0
DA:65,0
DA:66,0
DA:67,0
DA:68,0
DA:69,0
DA:70,0
DA:71,0
DA:72,0
DA:73,0
DA:75,0
DA:76,0
DA:77,0
DA:78,0
DA:79,0
DA:80,0
DA:81,0
DA:83,0
DA:84,0
DA:85,0
DA:86,0
DA:87,0
DA:88,0
LF:69
LH:0
BRDA:1,0,0,0
BRF:1
BRH:0
end_of_record
TN:
SF:__tests__\services\quizHistory.test.ts
FN:1,(empty-report)
FNF:1
FNH:0
FNDA:0,(empty-report)
DA:1,0
DA:8,0
DA:9,0
DA:10,0
DA:11,0
DA:12,0
DA:13,0
DA:14,0
DA:15,0
DA:16,0
DA:17,0
DA:19,0
DA:20,0
DA:21,0
DA:22,0
DA:24,0
DA:25,0
DA:26,0
DA:28,0
DA:29,0
DA:30,0
DA:31,0
DA:32,0
DA:33,0
DA:34,0
DA:36,0
DA:37,0
DA:38,0
DA:39,0
DA:40,0
DA:41,0
DA:42,0
DA:44,0
DA:45,0
DA:46,0
DA:47,0
DA:48,0
DA:49,0
DA:50,0
DA:51,0
DA:52,0
DA:53,0
DA:55,0
DA:56,0
DA:57,0
DA:58,0
DA:59,0
DA:60,0
DA:61,0
DA:62,0
DA:63,0
DA:64,0
DA:66,0
DA:67,0
DA:68,0
DA:69,0
DA:70,0
DA:71,0
DA:72,0
DA:73,0
DA:74,0
DA:75,0
LF:62
LH:0
BRDA:1,0,0,0
BRF:1
BRH:0
end_of_record
TN:
SF:components\Accordion.tsx
FN:10,Accordion
FN:13,toggleAccordion
FNF:2
FNH:1
FNDA:80,Accordion
FNDA:0,toggleAccordion
DA:1,1
DA:2,1
DA:10,1
DA:11,80
DA:13,80
DA:14,0
DA:15,0
DA:17,80
DA:18,80
DA:19,80
DA:20,80
DA:21,80
DA:22,80
DA:24,80
DA:25,80
DA:26,80
DA:27,80
DA:28,80
DA:29,80
DA:31,80
DA:32,80
DA:33,80
DA:34,80
DA:35,80
DA:37,80
DA:39,1
LF:26
LH:24
BRDA:10,0,0,80
BRDA:25,1,0,20
BRDA:25,2,0,60
BRDA:28,3,0,20
BRDA:28,4,0,60
BRF:5
BRH:5
end_of_record
TN:
SF:components\AiQuizGeneratorModal.tsx
FN:1,(empty-report)
FNF:1
FNH:0
FNDA:0,(empty-report)
DA:1,0
DA:2,0
DA:3,0
DA:4,0
DA:6,0
DA:13,0
DA:14,0
DA:15,0
DA:16,0
DA:17,0
DA:18,0
DA:19,0
DA:20,0
DA:22,0
DA:23,0
DA:25,0
DA:26,0
DA:27,0
DA:28,0
DA:30,0
DA:31,0
DA:32,0
DA:33,0
DA:34,0
DA:35,0
DA:36,0
DA:37,0
DA:38,0
DA:40,0
DA:41,0
DA:43,0
DA:45,0
DA:47,0
DA:48,0
DA:49,0
DA:51,0
DA:52,0
DA:53,0
DA:54,0
DA:55,0
DA:56,0
DA:57,0
DA:58,0
DA:60,0
DA:61,0
DA:62,0
DA:63,0
DA:64,0
DA:65,0
DA:66,0
DA:67,0
DA:68,0
DA:69,0
DA:70,0
DA:73,0
DA:74,0
DA:76,0
DA:77,0
DA:78,0
DA:79,0
DA:80,0
DA:81,0
DA:82,0
DA:83,0
DA:84,0
DA:86,0
DA:88,0
DA:89,0
DA:90,0
DA:91,0
DA:92,0
DA:93,0
DA:94,0
DA:96,0
DA:98,0
DA:99,0
DA:100,0
DA:101,0
DA:102,0
DA:103,0
DA:104,0
DA:106,0
DA:108,0
DA:109,0
DA:110,0
DA:111,0
DA:112,0
DA:113,0
DA:114,0
DA:115,0
DA:116,0
DA:118,0
DA:120,0
DA:121,0
DA:122,0
DA:123,0
DA:124,0
DA:125,0
DA:126,0
DA:127,0
DA:128,0
DA:130,0
DA:132,0
DA:133,0
DA:134,0
DA:135,0
DA:136,0
DA:137,0
DA:138,0
DA:139,0
DA:140,0
DA:142,0
DA:144,0
DA:145,0
DA:146,0
DA:147,0
DA:148,0
DA:149,0
DA:150,0
DA:151,0
DA:152,0
DA:154,0
DA:155,0
DA:156,0
DA:158,0
DA:160,0
LF:126
LH:0
BRDA:1,0,0,0
BRF:1
BRH:0
end_of_record
TN:
SF:components\Button.tsx
FN:30,Button
FNF:1
FNH:1
FNDA:126,Button
DA:1,1
DA:13,1
DA:15,1
DA:16,1
DA:17,1
DA:18,1
DA:19,1
DA:20,1
DA:21,1
DA:22,1
DA:24,1
DA:25,1
DA:26,1
DA:27,1
DA:28,1
DA:30,1
DA:31,126
DA:32,126
DA:33,126
DA:34,126
DA:35,126
DA:36,126
DA:37,126
DA:38,126
DA:39,126
DA:40,126
DA:41,126
DA:42,126
DA:43,126
DA:44,126
DA:45,126
DA:46,126
DA:47,126
DA:48,126
DA:49,126
DA:50,126
DA:51,126
DA:52,126
DA:53,126
DA:55,126
DA:56,126
DA:57,126
DA:58,126
DA:59,0
DA:60,0
DA:61,0
DA:63,126
DA:65,126
DA:67,1
LF:49
LH:46
BRDA:30,0,0,126
BRDA:48,1,0,0
BRDA:49,2,0,0
BRDA:55,3,0,4
BRDA:57,4,0,0
BRDA:58,5,0,0
BRF:6
BRH:2
end_of_record
TN:
SF:components\Footer.tsx
FN:1,(empty-report)
FNF:1
FNH:0
FNDA:0,(empty-report)
DA:1,0
DA:9,0
DA:10,0
DA:11,0
DA:12,0
DA:13,0
DA:14,0
DA:16,0
DA:17,0
DA:18,0
DA:19,0
DA:20,0
DA:21,0
DA:22,0
DA:23,0
DA:25,0
DA:27,0
LF:17
LH:0
BRDA:1,0,0,0
BRF:1
BRH:0
end_of_record
TN:
SF:components\Header.tsx
FN:27,Header
FN:61,onClick
FNF:2
FNH:1
FNDA:3,Header
FNDA:0,onClick
DA:1,1
DA:2,1
DA:3,1
DA:4,1
DA:5,1
DA:19,1
DA:20,1
DA:21,1
DA:22,1
DA:23,1
DA:24,1
DA:27,1
DA:28,3
DA:29,3
DA:31,3
DA:32,3
DA:33,3
DA:34,3
DA:35,3
DA:36,3
DA:37,3
DA:38,3
DA:39,3
DA:40,2
DA:41,2
DA:42,1
DA:43,1
DA:44,1
DA:45,1
DA:46,1
DA:47,1
DA:48,1
DA:49,1
DA:50,1
DA:51,1
DA:52,1
DA:54,2
DA:55,2
DA:56,2
DA:57,2
DA:58,2
DA:59,2
DA:61,1
DA:63,3
DA:64,3
DA:65,3
DA:67,3
DA:69,1
LF:48
LH:48
BRDA:27,0,0,3
BRDA:29,1,0,0
BRDA:39,2,0,2
BRDA:41,3,0,1
BRDA:59,4,0,1
BRF:5
BRH:4
end_of_record
TN:
SF:components\HelpModal.tsx
FN:1,(empty-report)
FNF:1
FNH:0
FNDA:0,(empty-report)
DA:1,0
DA:2,0
DA:3,0
DA:4,0
DA:12,0
DA:13,0
DA:14,0
DA:15,0
DA:16,0
DA:18,0
DA:19,0
DA:20,0
DA:21,0
DA:22,0
DA:23,0
DA:24,0
DA:25,0
DA:26,0
DA:29,0
DA:30,0
DA:31,0
DA:32,0
DA:33,0
DA:34,0
DA:35,0
DA:36,0
DA:37,0
DA:38,0
DA:39,0
DA:40,0
DA:41,0
DA:43,0
DA:44,0
DA:45,0
DA:46,0
DA:47,0
DA:48,0
DA:49,0
DA:50,0
DA:52,0
DA:53,0
DA:54,0
DA:55,0
DA:56,0
DA:57,0
DA:58,0
DA:59,0
DA:60,0
DA:61,0
DA:62,0
DA:63,0
DA:64,0
DA:65,0
DA:66,0
DA:67,0
DA:68,0
DA:69,0
DA:70,0
DA:71,0
DA:72,0
DA:73,0
DA:74,0
DA:75,0
DA:76,0
DA:77,0
DA:78,0
DA:79,0
DA:81,0
DA:82,0
DA:83,0
DA:84,0
DA:85,0
DA:86,0
DA:87,0
DA:88,0
DA:89,0
DA:90,0
DA:91,0
DA:92,0
DA:93,0
DA:94,0
DA:95,0
DA:96,0
DA:97,0
DA:98,0
DA:99,0
DA:100,0
DA:101,0
DA:102,0
DA:103,0
DA:104,0
DA:106,0
DA:107,0
DA:108,0
DA:109,0
DA:111,0
DA:112,0
DA:113,0
DA:114,0
DA:115,0
DA:116,0
DA:117,0
DA:118,0
DA:119,0
DA:120,0
DA:121,0
DA:122,0
DA:123,0
DA:124,0
DA:125,0
DA:126,0
DA:127,0
DA:128,0
DA:129,0
DA:130,0
DA:131,0
DA:132,0
DA:133,0
DA:134,0
DA:135,0
DA:136,0
DA:137,0
DA:139,0
DA:140,0
DA:141,0
DA:142,0
DA:143,0
DA:145,0
DA:146,0
DA:147,0
DA:148,0
DA:149,0
DA:150,0
DA:151,0
DA:152,0
DA:153,0
DA:154,0
DA:155,0
DA:156,0
DA:157,0
DA:158,0
DA:159,0
DA:160,0
DA:161,0
DA:162,0
DA:163,0
DA:164,0
DA:165,0
DA:166,0
DA:167,0
DA:168,0
DA:169,0
DA:170,0
DA:171,0
DA:172,0
DA:173,0
DA:174,0
DA:176,0
DA:178,0
LF:159
LH:0
BRDA:1,0,0,0
BRF:1
BRH:0
end_of_record
TN:
SF:components\LevelSelector.tsx
FN:11,LevelSelector
FN:27,onClick
FNF:2
FNH:2
FNDA:78,LevelSelector
FNDA:2,onClick
DA:1,1
DA:11,1
DA:12,78
DA:13,78
DA:14,78
DA:15,78
DA:16,78
DA:17,234
DA:18,234
DA:19,234
DA:20,234
DA:22,234
DA:23,234
DA:24,234
DA:25,234
DA:26,234
DA:27,234
DA:28,234
DA:29,234
DA:30,234
DA:34,234
DA:35,234
DA:36,234
DA:39,234
DA:40,234
DA:42,78
DA:43,78
DA:44,78
DA:46,78
DA:48,1
LF:30
LH:30
BRDA:11,0,0,78
BRDA:16,1,0,234
BRDA:19,2,0,78
BRDA:19,3,0,156
BRDA:19,4,0,78
BRDA:19,5,0,78
BRDA:20,6,0,156
BRDA:20,7,0,78
BRDA:36,8,0,78
BRDA:36,9,0,156
BRDA:27,10,0,2
BRF:11
BRH:11
end_of_record
TN:
SF:components\Modal.tsx
FN:17,Modal
FNF:1
FNH:1
FNDA:27,Modal
DA:1,1
DA:17,1
DA:18,27
DA:19,27
DA:20,27
DA:21,27
DA:22,27
DA:23,27
DA:24,27
DA:25,27
DA:26,27
DA:27,27
DA:29,27
DA:30,27
DA:31,27
DA:32,27
DA:33,0
DA:34,0
DA:35,0
DA:37,27
DA:38,27
DA:39,27
DA:40,27
DA:41,27
DA:42,27
DA:43,27
DA:45,27
DA:46,27
DA:47,27
DA:48,27
DA:49,27
DA:50,27
DA:52,27
DA:54,1
LF:34
LH:31
BRDA:17,0,0,27
BRDA:32,1,0,0
BRF:2
BRH:1
end_of_record
TN:
SF:components\QuizForm.tsx
FN:27,QuizForm
FN:49,handleInputChange
FN:54,handleCheckboxChange
FN:59,handleOptionChange
FN:65,validate
FN:84,handleSubmit
FN:91,handleRegenerate
FN:113,handleToggleTTS
FN:118,onEnd
FN:150,onClick
FN:183,onChange
FN:215,onChange
FN:222,onChange
FNF:13
FNH:12
FNDA:39,QuizForm
FNDA:1,handleInputChange
FNDA:1,handleCheckboxChange
FNDA:1,handleOptionChange
FNDA:6,validate
FNDA:6,handleSubmit
FNDA:2,handleRegenerate
FNDA:1,handleToggleTTS
FNDA:0,onEnd
FNDA:1,onClick
FNDA:1,onChange
FNDA:1,onChange
FNDA:1,onChange
DA:1,1
DA:2,1
DA:3,1
DA:5,1
DA:6,1
DA:15,1
DA:16,1
DA:17,1
DA:18,1
DA:19,1
DA:20,1
DA:21,1
DA:22,1
DA:24,1
DA:25,1
DA:27,1
DA:28,39
DA:29,39
DA:30,39
DA:31,39
DA:32,39
DA:33,39
DA:35,39
DA:37,11
DA:38,11
DA:39,0
DA:40,0
DA:41,11
DA:42,11
DA:43,11
DA:44,11
DA:45,11
DA:46,11
DA:47,39
DA:49,39
DA:50,1
DA:51,1
DA:52,1
DA:54,39
DA:55,1
DA:56,1
DA:57,1
DA:59,39
DA:60,1
DA:61,1
DA:62,1
DA:63,1
DA:65,39
DA:66,6
DA:67,6
DA:68,1
DA:69,1
DA:70,6
DA:71,6
DA:72,6
DA:73,1
DA:74,1
DA:75,6
DA:76,1
DA:77,6
DA:78,1
DA:79,1
DA:80,6
DA:81,6
DA:82,6
DA:84,39
DA:85,6
DA:86,6
DA:87,4
DA:88,4
DA:89,6
DA:91,39
DA:92,2
DA:93,2
DA:94,2
DA:95,2
DA:96,2
DA:97,2
DA:98,2
DA:99,2
DA:100,2
DA:101,2
DA:102,2
DA:104,1
DA:105,1
DA:106,1
DA:108,2
DA:109,2
DA:110,2
DA:111,2
DA:113,39
DA:114,1
DA:115,1
DA:116,1
DA:117,1
DA:118,1
DA:119,1
DA:120,1
DA:122,39
DA:123,11
DA:125,11
DA:126,11
DA:127,39
DA:129,39
DA:130,39
DA:131,39
DA:132,39
DA:134,39
DA:135,39
DA:136,39
DA:137,39
DA:138,39
DA:139,39
DA:140,39
DA:141,39
DA:142,39
DA:143,39
DA:144,39
DA:145,39
DA:146,39
DA:147,39
DA:148,39
DA:149,39
DA:150,1
DA:152,39
DA:153,39
DA:154,39
DA:155,39
DA:156,39
DA:157,39
DA:159,39
DA:160,39
DA:162,39
DA:163,0
DA:165,39
DA:166,39
DA:167,1
DA:168,1
DA:169,1
DA:171,39
DA:173,39
DA:174,39
DA:176,39
DA:177,39
DA:178,39
DA:179,150
DA:180,150
DA:181,150
DA:182,150
DA:183,150
DA:184,150
DA:185,150
DA:186,150
DA:187,150
DA:188,39
DA:189,39
DA:190,39
DA:191,39
DA:193,39
DA:194,39
DA:196,39
DA:197,39
DA:198,39
DA:199,39
DA:200,39
DA:201,39
DA:202,39
DA:203,39
DA:204,39
DA:205,39
DA:206,39
DA:207,39
DA:209,39
DA:210,39
DA:211,39
DA:212,39
DA:213,39
DA:214,39
DA:215,39
DA:216,39
DA:217,39
DA:218,39
DA:219,39
DA:220,39
DA:221,39
DA:222,39
DA:223,39
DA:224,39
DA:226,39
DA:227,39
DA:228,39
DA:229,39
DA:230,39
DA:231,39
DA:232,39
DA:233,39
DA:234,39
DA:236,39
DA:237,39
DA:239,39
DA:240,39
DA:241,39
DA:242,39
DA:243,39
DA:245,39
DA:247,1
LF:206
LH:203
BRDA:27,0,0,39
BRDA:28,1,0,0
BRDA:144,2,0,1
BRDA:147,3,0,2
BRDA:147,4,0,37
BRDA:149,5,0,26
BRDA:149,6,0,1
BRDA:157,7,0,1
BRDA:157,8,0,38
BRDA:159,9,0,1
BRDA:159,10,0,38
BRDA:162,11,0,0
BRDA:166,12,0,26
BRDA:166,13,0,1
BRDA:178,14,0,0
BRDA:190,15,0,1
BRDA:206,16,0,2
BRDA:241,17,0,0
BRDA:35,18,0,11
BRDA:37,19,0,0
BRDA:38,20,0,0
BRDA:46,21,0,1
BRDA:49,22,0,1
BRDA:51,23,0,1
BRDA:54,24,0,1
BRDA:56,25,0,1
BRDA:59,26,0,1
BRDA:60,27,0,0
BRDA:62,28,0,1
BRDA:65,29,0,6
BRDA:67,30,0,1
BRDA:70,31,0,0
BRDA:72,32,0,1
BRDA:75,33,0,1
BRDA:77,34,0,5
BRDA:77,35,0,1
BRDA:71,36,0,21
BRDA:71,37,0,20
BRDA:77,38,0,8
BRDA:84,39,0,6
BRDA:86,40,0,4
BRDA:91,41,0,2
BRDA:97,42,0,0
BRDA:98,43,0,0
BRDA:99,44,0,0
BRDA:102,45,0,1
BRDA:105,46,0,1
BRDA:113,47,0,1
BRDA:116,48,0,0
BRDA:116,49,0,4
BRDA:122,50,0,11
BRDA:123,51,0,11
BRDA:150,52,0,1
BRDA:150,53,0,1
BRDA:178,54,0,150
BRDA:183,55,0,1
BRDA:215,56,0,1
BRDA:215,57,0,1
BRDA:222,58,0,1
BRDA:222,59,0,1
BRF:60
BRH:48
end_of_record
TN:
SF:components\QuizGenerator.tsx
FN:31,QuizList
FN:122,onClick
FN:127,onClick
FNF:3
FNH:3
FNDA:9,QuizList
FNDA:1,onClick
FNDA:1,onClick
DA:1,1
DA:2,1
DA:4,1
DA:5,1
DA:18,1
DA:19,1
DA:20,1
DA:21,1
DA:22,1
DA:24,1
DA:25,1
DA:26,1
DA:27,1
DA:28,1
DA:31,1
DA:32,9
DA:34,9
DA:36,9
DA:37,1
DA:38,1
DA:39,1
DA:40,1
DA:41,1
DA:43,1
DA:45,9
DA:46,1
DA:47,1
DA:48,1
DA:49,1
DA:50,1
DA:51,1
DA:52,1
DA:53,1
DA:54,1
DA:56,1
DA:57,1
DA:58,1
DA:59,1
DA:60,1
DA:61,1
DA:63,1
DA:64,1
DA:66,1
DA:68,9
DA:69,1
DA:70,1
DA:71,1
DA:72,1
DA:74,1
DA:75,1
DA:76,1
DA:77,1
DA:78,1
DA:80,1
DA:82,9
DA:83,1
DA:84,0
DA:85,1
DA:87,1
DA:88,1
DA:89,1
DA:90,1
DA:91,1
DA:93,1
DA:95,5
DA:96,5
DA:97,5
DA:98,6
DA:99,6
DA:100,6
DA:101,6
DA:102,6
DA:103,6
DA:104,5
DA:105,5
DA:106,5
DA:107,5
DA:108,5
DA:109,5
DA:110,5
DA:111,5
DA:112,5
DA:113,5
DA:114,5
DA:116,6
DA:117,6
DA:118,6
DA:119,6
DA:120,5
DA:121,5
DA:122,5
DA:123,5
DA:124,5
DA:125,5
DA:126,5
DA:127,5
DA:128,5
DA:129,5
DA:130,5
DA:131,5
DA:133,6
DA:134,6
DA:135,6
DA:136,17
DA:137,17
DA:138,17
DA:139,6
DA:140,6
DA:141,6
DA:142,5
DA:143,5
DA:145,5
DA:147,1
LF:113
LH:112
BRDA:31,0,0,9
BRDA:34,1,0,7
BRDA:34,2,0,2
BRDA:36,3,0,1
BRDA:43,4,0,8
BRDA:45,5,0,1
BRDA:66,6,0,7
BRDA:68,7,0,1
BRDA:80,8,0,6
BRDA:82,9,0,1
BRDA:83,10,0,0
BRDA:83,11,0,0
BRDA:93,12,0,5
BRDA:34,13,0,2
BRDA:97,14,0,6
BRDA:103,15,0,5
BRDA:105,16,0,4
BRDA:105,17,0,1
BRDA:106,18,0,4
BRDA:106,19,0,1
BRDA:108,20,0,0
BRDA:109,21,0,0
BRDA:111,22,0,0
BRDA:112,23,0,0
BRDA:119,24,0,5
BRDA:122,25,0,1
BRDA:127,26,0,1
BRDA:135,27,0,17
BRDA:136,28,0,6
BRDA:136,29,0,11
BRDA:137,30,0,6
BRDA:137,31,0,11
BRF:32
BRH:26
end_of_record
TN:
SF:components\SettingsModal.tsx
FN:34,SettingsModal
FN:48,handleStorageModeChange
FN:53,handleDbConfigChange
FN:58,handleApiKeyChange
FN:63,handleDisplayChange
FN:68,handleAppearanceChange
FN:76,handleSave
FN:80,handleTestConnection
FN:92,handleTestGemini
FN:108,renderStorageConfig
FN:131,onOpenChange
FN:191,onChange
FN:231,onChange
FN:243,onChange
FN:260,onClick
FNF:15
FNH:9
FNDA:27,SettingsModal
FNDA:2,handleStorageModeChange
FNDA:0,handleDbConfigChange
FNDA:0,handleApiKeyChange
FNDA:0,handleDisplayChange
FNDA:0,handleAppearanceChange
FNDA:2,handleSave
FNDA:2,handleTestConnection
FNDA:1,handleTestGemini
FNDA:27,renderStorageConfig
FNDA:0,onOpenChange
FNDA:0,onChange
FNDA:2,onChange
FNDA:1,onChange
FNDA:1,onClick
DA:1,1
DA:2,1
DA:3,1
DA:5,1
DA:6,1
DA:15,1
DA:16,1
DA:17,1
DA:18,1
DA:19,1
DA:21,1
DA:22,1
DA:23,1
DA:24,1
DA:26,1
DA:27,1
DA:28,1
DA:29,1
DA:30,1
DA:31,1
DA:34,1
DA:35,27
DA:36,27
DA:37,27
DA:38,27
DA:39,27
DA:40,27
DA:41,27
DA:42,27
DA:44,27
DA:45,7
DA:46,27
DA:48,27
DA:49,2
DA:50,2
DA:51,2
DA:53,27
DA:54,0
DA:55,0
DA:56,0
DA:58,27
DA:59,0
DA:60,0
DA:61,0
DA:63,27
DA:64,0
DA:65,0
DA:66,0
DA:68,27
DA:69,0
DA:70,0
DA:71,0
DA:72,0
DA:73,0
DA:74,0
DA:76,27
DA:77,2
DA:78,2
DA:80,27
DA:81,2
DA:82,2
DA:83,2
DA:84,1
DA:85,1
DA:86,1
DA:87,2
DA:88,2
DA:89,2
DA:90,2
DA:92,27
DA:93,1
DA:94,0
DA:95,0
DA:96,0
DA:97,1
DA:98,1
DA:99,1
DA:100,1
DA:101,1
DA:102,0
DA:103,1
DA:104,1
DA:105,1
DA:106,1
DA:108,27
DA:109,27
DA:110,5
DA:111,5
DA:112,5
DA:113,5
DA:114,5
DA:115,5
DA:116,5
DA:117,5
DA:118,5
DA:119,5
DA:120,5
DA:121,5
DA:122,5
DA:124,5
DA:125,22
DA:126,27
DA:128,27
DA:130,27
DA:131,27
DA:132,27
DA:133,27
DA:134,27
DA:135,27
DA:136,27
DA:139,27
DA:140,27
DA:141,27
DA:142,27
DA:143,27
DA:144,27
DA:145,27
DA:146,27
DA:147,27
DA:148,27
DA:150,27
DA:151,81
DA:152,27
DA:153,27
DA:154,27
DA:155,27
DA:156,27
DA:157,5
DA:158,5
DA:159,5
DA:160,5
DA:161,5
DA:162,5
DA:163,5
DA:164,5
DA:165,5
DA:166,5
DA:167,5
DA:169,27
DA:170,10
DA:171,10
DA:172,10
DA:173,10
DA:174,10
DA:176,10
DA:177,10
DA:178,10
DA:180,27
DA:181,27
DA:183,27
DA:184,27
DA:185,27
DA:186,27
DA:187,27
DA:188,27
DA:189,27
DA:190,27
DA:191,27
DA:192,27
DA:194,27
DA:195,27
DA:196,27
DA:197,27
DA:198,27
DA:199,27
DA:200,27
DA:201,27
DA:202,27
DA:203,27
DA:204,27
DA:205,27
DA:206,27
DA:207,27
DA:208,27
DA:209,27
DA:210,27
DA:211,27
DA:212,27
DA:213,27
DA:214,27
DA:215,27
DA:216,27
DA:217,27
DA:218,27
DA:219,27
DA:220,27
DA:221,27
DA:222,27
DA:223,27
DA:224,27
DA:225,27
DA:226,27
DA:227,27
DA:228,27
DA:229,27
DA:230,27
DA:231,27
DA:232,27
DA:234,27
DA:235,27
DA:236,27
DA:237,27
DA:238,27
DA:239,27
DA:240,27
DA:241,27
DA:242,27
DA:243,27
DA:244,27
DA:246,27
DA:247,27
DA:248,27
DA:249,27
DA:250,27
DA:251,27
DA:252,27
DA:253,27
DA:254,27
DA:255,27
DA:257,27
DA:258,27
DA:259,27
DA:260,27
DA:261,1
DA:262,1
DA:263,1
DA:265,1
DA:266,1
DA:267,1
DA:268,1
DA:269,1
DA:270,1
DA:271,1
DA:272,1
DA:273,0
DA:274,1
DA:275,1
DA:276,1
DA:277,1
DA:278,27
DA:279,27
DA:281,27
DA:282,27
DA:283,27
DA:284,27
DA:285,27
DA:287,27
DA:288,27
DA:289,27
DA:290,27
DA:291,27
DA:292,27
DA:293,27
DA:294,27
DA:295,27
DA:296,27
DA:297,27
DA:298,27
DA:299,27
DA:300,27
DA:301,27
DA:302,27
DA:303,27
DA:304,27
DA:305,27
DA:306,27
DA:307,27
DA:309,27
DA:310,27
DA:311,27
DA:312,27
DA:313,27
DA:314,27
DA:315,27
DA:316,27
DA:317,27
DA:318,27
DA:319,27
DA:321,27
DA:322,27
DA:323,27
DA:324,27
DA:325,27
DA:327,27
DA:328,27
DA:329,27
DA:330,27
DA:331,27
DA:332,27
DA:333,27
DA:334,27
DA:335,27
DA:337,27
DA:338,27
DA:339,27
DA:340,27
DA:341,27
DA:342,27
DA:343,27
DA:344,27
DA:346,27
DA:348,1
LF:302
LH:282
BRDA:34,0,0,27
BRDA:38,1,0,0
BRDA:39,2,0,0
BRDA:156,3,0,5
BRDA:169,4,0,10
BRDA:176,5,0,2
BRDA:176,6,0,8
BRDA:206,7,0,12
BRDA:218,8,0,12
BRDA:230,9,0,0
BRDA:242,10,0,0
BRDA:254,11,0,23
BRDA:257,12,0,4
BRDA:257,13,0,23
BRDA:278,14,0,23
BRDA:281,15,0,4
BRDA:281,16,0,23
BRDA:44,17,0,7
BRDA:48,18,0,2
BRDA:50,19,0,2
BRDA:76,20,0,2
BRDA:80,21,0,2
BRDA:83,22,0,1
BRDA:86,23,0,0
BRDA:92,24,0,1
BRDA:93,25,0,0
BRDA:101,26,0,0
BRDA:108,27,0,27
BRDA:109,28,0,5
BRDA:117,29,0,1
BRDA:124,30,0,22
BRDA:150,31,0,81
BRDA:154,32,0,42
BRDA:231,33,0,2
BRDA:231,34,0,2
BRDA:231,35,0,0
BRDA:231,36,0,0
BRDA:243,37,0,1
BRDA:243,38,0,1
BRDA:243,39,0,0
BRDA:243,40,0,0
BRDA:260,41,0,1
BRDA:261,42,0,0
BRDA:270,43,0,0
BRDA:272,44,0,0
BRDA:309,45,0,162
BRDA:321,46,0,108
BRF:47
BRH:33
end_of_record
TN:
SF:components\Toast.tsx
FN:10,Toast
FN:21,handleClose
FNF:2
FNH:2
FNDA:4,Toast
FNDA:3,handleClose
DA:1,1
DA:2,1
DA:10,1
DA:11,4
DA:13,4
DA:14,2
DA:15,2
DA:16,2
DA:18,2
DA:19,4
DA:21,4
DA:22,3
DA:24,3
DA:25,2
DA:26,3
DA:27,3
DA:29,4
DA:30,4
DA:31,2
DA:32,2
DA:34,4
DA:35,4
DA:36,4
DA:37,4
DA:39,4
DA:40,4
DA:41,4
DA:42,4
DA:43,4
DA:44,4
DA:46,4
DA:48,1
LF:32
LH:32
BRDA:10,0,0,4
BRDA:29,1,0,2
BRDA:29,2,0,2
BRDA:30,3,0,2
BRDA:31,4,0,2
BRDA:37,5,0,2
BRDA:37,6,0,2
BRDA:13,7,0,2
BRDA:14,8,0,2
BRDA:18,9,0,2
BRDA:21,10,0,3
BRDA:24,11,0,2
BRF:12
BRH:12
end_of_record
TN:
SF:components\Tooltip.tsx
FN:9,Tooltip
FN:22,onMouseEnter
FN:23,onMouseLeave
FNF:3
FNH:3
FNDA:12,Tooltip
FNDA:4,onMouseEnter
FNDA:3,onMouseLeave
DA:1,1
DA:9,1
DA:10,12
DA:12,12
DA:13,12
DA:14,12
DA:15,12
DA:16,12
DA:17,12
DA:19,12
DA:20,12
DA:21,12
DA:22,12
DA:23,12
DA:25,12
DA:26,12
DA:27,4
DA:28,4
DA:29,4
DA:31,4
DA:32,4
DA:34,12
DA:36,12
DA:38,1
LF:24
LH:24
BRDA:9,0,0,12
BRDA:26,1,0,4
BRDA:22,2,0,4
BRDA:23,3,0,3
BRF:4
BRH:4
end_of_record
TN:
SF:contexts\AuthContext.tsx
FN:1,(empty-report)
FNF:1
FNH:0
FNDA:0,(empty-report)
DA:1,0
DA:15,0
DA:17,0
DA:19,0
DA:20,0
DA:22,0
DA:24,0
DA:25,0
DA:26,0
DA:28,0
DA:29,0
DA:30,0
DA:32,0
DA:34,0
DA:36,0
DA:37,0
DA:38,0
DA:39,0
DA:41,0
DA:43,0
DA:44,0
DA:45,0
DA:46,0
DA:47,0
DA:48,0
DA:49,0
LF:26
LH:0
BRDA:1,0,0,0
BRF:1
BRH:0
end_of_record
TN:
SF:hooks\useDelayedUnmount.tsx
FN:8,useDelayedUnmount
FN:38,DelayedUnmount
FNF:2
FNH:1
FNDA:8,useDelayedUnmount
FNDA:0,DelayedUnmount
DA:1,1
DA:8,1
DA:9,8
DA:10,8
DA:12,8
DA:13,6
DA:14,2
DA:15,2
DA:16,6
DA:17,2
DA:18,2
DA:19,2
DA:20,2
DA:21,2
DA:22,2
DA:23,2
DA:24,8
DA:26,8
DA:27,8
DA:38,1
DA:39,0
DA:40,0
DA:41,0
DA:42,0
LF:24
LH:20
BRDA:8,0,0,8
BRDA:12,1,0,6
BRDA:13,2,0,2
BRDA:16,3,0,4
BRDA:16,4,0,2
BRDA:18,5,0,2
BRDA:22,6,0,2
BRF:7
BRH:7
end_of_record
TN:
SF:pages\HistoryPage.tsx
FN:1,(empty-report)
FNF:1
FNH:0
FNDA:0,(empty-report)
DA:1,0
DA:4,0
DA:5,0
DA:6,0
DA:7,0
DA:8,0
DA:9,0
DA:11,0
DA:12,0
DA:13,0
DA:15,0
DA:16,0
DA:17,0
DA:18,0
DA:19,0
DA:20,0
DA:21,0
DA:23,0
DA:25,0
DA:26,0
DA:27,0
DA:30,0
DA:31,0
DA:32,0
DA:33,0
DA:34,0
DA:35,0
DA:36,0
DA:37,0
DA:39,0
DA:40,0
DA:41,0
DA:42,0
DA:43,0
DA:44,0
DA:45,0
DA:47,0
DA:48,0
DA:51,0
DA:52,0
DA:53,0
DA:54,0
DA:55,0
DA:56,0
DA:57,0
DA:58,0
DA:59,0
DA:60,0
DA:61,0
DA:62,0
DA:64,0
DA:65,0
DA:66,0
DA:67,0
DA:68,0
DA:69,0
DA:70,0
DA:71,0
DA:72,0
DA:73,0
DA:74,0
DA:76,0
DA:77,0
DA:78,0
DA:79,0
DA:81,0
DA:82,0
DA:84,0
DA:85,0
DA:86,0
DA:87,0
DA:88,0
DA:89,0
DA:90,0
DA:91,0
DA:92,0
DA:93,0
DA:94,0
DA:95,0
DA:96,0
DA:97,0
DA:98,0
DA:100,0
DA:101,0
DA:102,0
DA:103,0
DA:105,0
DA:107,0
LF:88
LH:0
BRDA:1,0,0,0
BRF:1
BRH:0
end_of_record
TN:
SF:pages\ImportPage.tsx
FN:1,(empty-report)
FNF:1
FNH:0
FNDA:0,(empty-report)
DA:1,0
DA:4,0
DA:5,0
DA:7,0
DA:8,0
DA:9,0
DA:10,0
DA:11,0
DA:12,0
DA:13,0
DA:14,0
DA:15,0
DA:16,0
DA:18,0
DA:19,0
DA:20,0
DA:21,0
DA:22,0
DA:23,0
DA:24,0
DA:25,0
DA:26,0
DA:27,0
DA:29,0
DA:30,0
DA:32,0
LF:26
LH:0
BRDA:1,0,0,0
BRF:1
BRH:0
end_of_record
TN:
SF:pages\QuizPage.tsx
FN:1,(empty-report)
FNF:1
FNH:0
FNDA:0,(empty-report)
DA:1,0
DA:2,0
DA:3,0
DA:4,0
DA:5,0
DA:6,0
DA:7,0
DA:9,0
DA:10,0
DA:11,0
DA:12,0
DA:13,0
DA:14,0
DA:15,0
DA:17,0
DA:18,0
DA:19,0
DA:20,0
DA:21,0
DA:22,0
DA:23,0
DA:24,0
DA:25,0
DA:26,0
DA:27,0
DA:28,0
DA:29,0
DA:31,0
DA:32,0
DA:33,0
DA:34,0
DA:36,0
LF:32
LH:0
BRDA:1,0,0,0
BRF:1
BRH:0
end_of_record
TN:
SF:services\aiService.ts
FN:5,resolveSettings
FN:19,getActiveProviderAndKey
FN:26,generateQuiz
FNF:3
FNH:3
FNDA:9,resolveSettings
FNDA:5,getActiveProviderAndKey
FNDA:5,generateQuiz
DA:1,1
DA:5,9
DA:6,9
DA:7,9
DA:8,9
DA:9,9
DA:10,9
DA:11,9
DA:12,9
DA:13,9
DA:14,9
DA:15,9
DA:16,9
DA:17,9
DA:19,5
DA:20,5
DA:21,5
DA:22,5
DA:23,5
DA:24,5
DA:26,5
DA:27,5
DA:28,5
DA:29,1
DA:30,1
DA:32,4
DA:33,5
DA:34,5
DA:35,5
DA:36,5
DA:37,5
DA:38,5
DA:39,5
DA:40,5
DA:41,5
DA:42,5
DA:43,5
DA:44,5
DA:45,5
DA:46,5
DA:47,5
DA:49,5
DA:50,2
DA:51,2
DA:52,1
DA:53,1
DA:54,1
DA:55,1
DA:56,2
DA:57,2
DA:58,2
DA:59,2
LF:52
LH:52
BRDA:5,0,0,9
BRDA:7,1,0,0
BRDA:9,2,0,0
BRDA:10,3,0,1
BRDA:10,4,0,0
BRDA:12,5,0,0
BRDA:15,6,0,0
BRDA:19,7,0,5
BRDA:21,8,0,0
BRDA:22,9,0,1
BRDA:26,10,0,5
BRDA:28,11,0,1
BRDA:29,12,0,0
BRDA:30,13,0,4
BRDA:33,14,0,3
BRDA:33,15,0,1
BRDA:40,16,0,4
BRDA:40,17,0,0
BRDA:47,18,0,4
BRDA:49,19,0,2
BRDA:51,20,0,1
BRDA:51,21,0,1
BRDA:52,22,0,0
BRDA:56,23,0,0
BRDA:56,24,0,0
BRF:25
BRH:14
end_of_record
TN:
SF:services\api.ts
FN:7,normalizeMode
FN:22,getHeaders
FN:34,handleResponse
FN:50,getQuizzes
FN:59,createQuiz
FN:69,updateQuiz
FN:79,deleteQuiz
FN:91,generateQuizFromAI
FN:110,testConnection
FN:116,testDbConnection
FN:124,testNetlifyBlobsConnection
FN:131,testGeminiConnection
FNF:12
FNH:9
FNDA:8,normalizeMode
FNDA:8,getHeaders
FNDA:6,handleResponse
FNDA:1,getQuizzes
FNDA:1,createQuiz
FNDA:1,updateQuiz
FNDA:1,deleteQuiz
FNDA:1,generateQuizFromAI
FNDA:1,testConnection
FNDA:0,testDbConnection
FNDA:0,testNetlifyBlobsConnection
FNDA:0,testGeminiConnection
DA:1,1
DA:4,1
DA:7,1
DA:8,8
DA:9,8
DA:10,8
DA:11,8
DA:12,8
DA:13,8
DA:14,8
DA:15,8
DA:16,8
DA:17,8
DA:18,8
DA:19,8
DA:20,8
DA:22,1
DA:23,8
DA:24,8
DA:25,8
DA:26,8
DA:27,8
DA:28,8
DA:29,1
DA:30,1
DA:31,8
DA:32,8
DA:34,1
DA:35,6
DA:36,6
DA:37,6
DA:38,6
DA:39,6
DA:40,6
DA:41,1
DA:42,1
DA:43,6
DA:44,6
DA:45,0
DA:46,0
DA:50,1
DA:51,1
DA:52,1
DA:53,1
DA:54,1
DA:55,1
DA:56,1
DA:57,1
DA:59,1
DA:60,1
DA:61,1
DA:62,1
DA:63,1
DA:64,1
DA:65,1
DA:66,1
DA:67,1
DA:69,1
DA:70,1
DA:71,1
DA:72,1
DA:73,1
DA:74,1
DA:75,1
DA:76,1
DA:77,1
DA:79,1
DA:80,1
DA:81,1
DA:82,1
DA:83,1
DA:84,1
DA:85,1
DA:86,1
DA:87,1
DA:91,1
DA:92,1
DA:93,1
DA:95,1
DA:96,1
DA:97,0
DA:98,0
DA:100,1
DA:101,1
DA:102,1
DA:103,1
DA:104,1
DA:105,1
DA:106,1
DA:110,1
DA:111,1
DA:112,1
DA:113,1
DA:114,1
DA:116,1
DA:117,0
DA:118,0
DA:119,0
DA:120,0
DA:124,1
DA:125,0
DA:126,0
DA:127,0
DA:128,0
DA:129,0
DA:131,1
DA:132,0
DA:133,0
DA:134,0
DA:135,0
DA:137,0
DA:138,0
DA:139,0
LF:113
LH:93
BRDA:7,0,0,8
BRDA:9,1,0,0
BRDA:10,2,0,0
BRDA:11,3,0,0
BRDA:12,4,0,0
BRDA:13,5,0,0
BRDA:14,6,0,1
BRDA:15,7,0,2
BRDA:22,8,0,8
BRDA:26,9,0,1
BRDA:26,10,0,7
BRDA:26,11,0,1
BRDA:26,12,0,6
BRDA:28,13,0,1
BRDA:28,14,0,1
BRDA:34,15,0,6
BRDA:38,16,0,5
BRDA:39,17,0,3
BRDA:39,18,0,1
BRDA:40,19,0,1
BRDA:44,20,0,0
BRDA:50,21,0,1
BRDA:59,22,0,1
BRDA:69,23,0,1
BRDA:79,24,0,1
BRDA:91,25,0,1
BRDA:96,26,0,0
BRDA:110,27,0,1
BRF:28
BRH:21
end_of_record
TN:
SF:services\quizHistory.ts
FN:18,fetchQuizHistory
FN:24,saveQuiz
FN:30,saveScore
FN:47,exportCSV
FN:72,importQuizzes
FNF:5
FNH:5
FNDA:17,fetchQuizHistory
FNDA:8,saveQuiz
FNDA:2,saveScore
FNDA:2,exportCSV
FNDA:1,importQuizzes
DA:1,1
DA:4,1
DA:18,17
DA:19,17
DA:20,17
DA:21,17
DA:24,8
DA:25,8
DA:26,8
DA:27,8
DA:30,2
DA:31,2
DA:32,2
DA:33,2
DA:34,2
DA:35,2
DA:36,2
DA:37,2
DA:38,2
DA:39,2
DA:40,2
DA:41,0
DA:42,2
DA:43,2
DA:44,2
DA:47,2
DA:48,2
DA:49,2
DA:51,2
DA:52,2
DA:53,2
DA:54,3
DA:55,3
DA:56,3
DA:57,3
DA:58,3
DA:59,3
DA:60,3
DA:61,3
DA:62,3
DA:63,3
DA:64,2
DA:65,2
DA:67,2
DA:68,2
DA:69,2
DA:72,1
DA:73,1
DA:74,1
DA:75,1
DA:76,1
LF:51
LH:50
BRDA:18,0,0,17
BRDA:20,1,0,11
BRDA:20,2,0,6
BRDA:24,3,0,8
BRDA:30,4,0,2
BRDA:32,5,0,2
BRDA:37,6,0,1
BRDA:37,7,0,1
BRDA:40,8,0,0
BRDA:47,9,0,2
BRDA:49,10,0,1
BRDA:49,11,0,1
BRDA:49,12,0,2
BRDA:53,13,0,3
BRDA:59,14,0,0
BRDA:72,15,0,1
BRF:16
BRH:14
end_of_record
TN:
SF:tests\Header.test.tsx
FN:16,baseProps
FNF:1
FNH:1
FNDA:3,baseProps
DA:1,1
DA:5,1
DA:14,1
DA:16,1
DA:17,3
DA:18,3
DA:19,3
DA:20,3
DA:21,3
DA:22,3
DA:23,3
DA:24,3
DA:25,3
DA:27,1
DA:28,1
DA:29,3
DA:30,1
DA:32,1
DA:33,1
DA:34,1
DA:35,1
DA:38,1
DA:41,1
DA:42,1
DA:43,1
DA:44,1
DA:45,1
DA:47,1
DA:48,1
DA:49,1
DA:50,1
DA:51,1
DA:52,1
DA:53,1
DA:54,1
DA:55,1
DA:58,1
DA:59,1
DA:62,1
DA:63,1
DA:64,1
DA:65,1
DA:66,1
DA:68,1
DA:69,1
DA:70,1
DA:71,1
DA:72,1
DA:74,1
DA:75,1
DA:76,1
DA:77,1
DA:78,1
DA:79,1
DA:81,1
DA:82,1
DA:83,1
DA:84,1
DA:85,1
DA:86,1
DA:87,1
DA:88,1
DA:89,1
DA:92,1
DA:93,1
DA:94,1
DA:97,1
DA:98,1
DA:99,1
DA:100,1
LF:70
LH:70
BRDA:16,0,0,3
BRDA:27,1,0,1
BRDA:28,2,0,3
BRDA:32,3,0,1
BRDA:47,4,0,1
BRDA:81,5,0,1
BRF:6
BRH:6
end_of_record
TN:
SF:tests\SettingsModal.api.test.tsx
FN:14,baseSettings
FN:39,renderModal
FNF:2
FNH:2
FNDA:4,baseSettings
FNDA:4,renderModal
DA:1,1
DA:5,1
DA:11,1
DA:12,1
DA:14,1
DA:15,4
DA:16,4
DA:17,4
DA:18,4
DA:19,4
DA:20,4
DA:21,4
DA:22,4
DA:23,4
DA:25,1
DA:26,1
DA:27,1
DA:28,1
DA:30,1
DA:31,4
DA:32,4
DA:33,1
DA:35,1
DA:36,4
DA:37,1
DA:39,1
DA:40,4
DA:41,4
DA:43,1
DA:44,1
DA:45,1
DA:46,1
DA:47,1
DA:48,1
DA:49,1
DA:50,1
DA:51,1
DA:53,1
DA:54,1
DA:55,1
DA:56,1
DA:57,1
DA:58,1
DA:59,1
DA:60,1
DA:61,1
DA:63,1
DA:64,1
DA:66,1
DA:67,1
DA:68,1
DA:69,1
DA:70,1
DA:72,1
DA:73,1
DA:75,1
DA:76,1
DA:78,1
DA:79,1
DA:80,1
DA:81,1
DA:82,1
DA:84,1
DA:85,1
DA:86,1
DA:87,1
DA:88,1
DA:89,1
DA:90,1
DA:91,1
DA:92,1
DA:93,1
DA:94,1
DA:95,1
LF:74
LH:74
BRDA:14,0,0,4
BRDA:25,1,0,1
BRDA:30,2,0,4
BRDA:35,3,0,4
BRDA:39,4,0,4
BRDA:43,5,0,1
BRDA:53,6,0,1
BRDA:66,7,0,1
BRDA:84,8,0,1
BRF:9
BRH:9
end_of_record
TN:
SF:tests\SettingsModal.storage.test.tsx
FN:15,baseSettings
FN:30,renderModal
FNF:2
FNH:2
FNDA:3,baseSettings
FNDA:3,renderModal
DA:1,1
DA:5,1
DA:12,1
DA:13,1
DA:15,1
DA:16,3
DA:17,3
DA:18,3
DA:19,3
DA:20,3
DA:21,3
DA:22,3
DA:23,3
DA:25,1
DA:26,1
DA:27,3
DA:28,1
DA:30,1
DA:31,3
DA:32,3
DA:33,3
DA:34,3
DA:35,3
DA:36,3
DA:37,3
DA:39,1
DA:40,1
DA:41,1
DA:44,1
DA:46,1
DA:47,1
DA:49,1
DA:52,1
DA:53,1
DA:56,1
DA:57,1
DA:59,1
DA:60,1
DA:61,1
DA:62,1
DA:63,1
DA:64,1
DA:65,1
DA:66,1
DA:68,1
DA:69,1
DA:70,1
DA:71,1
DA:72,1
DA:73,1
DA:74,1
DA:75,1
DA:76,1
DA:77,1
LF:54
LH:54
BRDA:15,0,0,3
BRDA:25,1,0,1
BRDA:26,2,0,3
BRDA:30,3,0,3
BRDA:39,4,0,1
BRDA:59,5,0,1
BRDA:68,6,0,1
BRF:7
BRH:7
end_of_record
TN:
SF:tests\Toast.test.tsx
FNF:0
FNH:0
DA:1,1
DA:2,1
DA:3,1
DA:4,1
DA:5,1
DA:7,1
DA:9,1
DA:10,1
DA:11,2
DA:12,1
DA:13,1
DA:14,2
DA:15,2
DA:16,1
DA:18,1
DA:19,1
DA:20,1
DA:22,1
DA:23,1
DA:24,1
DA:27,1
DA:28,1
DA:29,1
DA:30,1
DA:31,1
DA:34,1
DA:35,1
DA:36,1
DA:37,1
DA:38,1
DA:40,1
DA:41,1
DA:42,1
DA:43,1
DA:44,1
DA:46,1
DA:47,1
DA:48,1
DA:49,1
DA:51,1
DA:52,1
DA:53,1
DA:54,1
DA:55,1
DA:56,1
DA:57,1
LF:46
LH:46
BRDA:9,0,0,1
BRDA:10,1,0,2
BRDA:13,2,0,2
BRDA:18,3,0,1
BRDA:27,4,0,1
BRDA:34,5,0,1
BRDA:40,6,0,1
BRDA:47,7,0,1
BRDA:52,8,0,1
BRF:9
BRH:9
end_of_record
TN:
SF:tests\apiErrorHandling.test.ts
FN:6,mockFetchOnce
FN:11,json
FN:36,json
FNF:3
FNH:3
FNDA:5,mockFetchOnce
FNDA:5,json
FNDA:1,json
DA:1,1
DA:2,1
DA:4,1
DA:6,5
DA:7,5
DA:8,5
DA:9,5
DA:10,5
DA:11,5
DA:12,5
DA:13,5
DA:15,1
DA:16,1
DA:17,6
DA:18,1
DA:20,1
DA:21,1
DA:22,1
DA:23,1
DA:25,1
DA:26,1
DA:27,1
DA:28,1
DA:30,1
DA:31,1
DA:32,1
DA:33,1
DA:35,1
DA:36,1
DA:37,1
DA:38,1
DA:40,1
DA:41,1
DA:42,1
DA:43,1
DA:45,1
DA:46,1
DA:47,1
DA:48,1
DA:49,1
LF:40
LH:40
BRDA:6,0,0,5
BRDA:11,1,0,5
BRDA:15,2,0,1
BRDA:16,3,0,6
BRDA:20,4,0,1
BRDA:25,5,0,1
BRDA:30,6,0,1
BRDA:35,7,0,1
BRDA:36,8,0,1
BRDA:40,9,0,1
BRDA:45,10,0,1
BRF:11
BRH:11
end_of_record
TN:
SF:tests\apiHeaders.test.ts
FNF:0
FNH:0
DA:1,1
DA:3,1
DA:8,1
DA:9,1
DA:10,1
DA:11,1
DA:13,0
DA:14,0
DA:15,1
DA:16,1
DA:17,1
DA:19,1
DA:20,1
DA:21,1
DA:22,1
DA:23,1
DA:24,1
DA:25,1
DA:27,1
DA:28,1
DA:29,1
DA:30,1
DA:31,1
DA:32,1
DA:33,1
LF:25
LH:23
BRDA:8,0,0,1
BRDA:9,1,0,1
BRDA:11,2,0,0
BRDA:19,3,0,1
BRDA:21,4,0,0
BRDA:27,5,0,1
BRDA:29,6,0,0
BRF:7
BRH:4
end_of_record
TN:
SF:tests\generateQuizFunction.test.ts
FN:6,baseEvent
FN:56,GoogleGenerativeAI
FN:57,getGenerativeModel
FN:58,text
FN:72,<instance_members_initializer>
FN:73,default
FN:85,text
FN:88,GoogleGenerativeAI
FN:89,getGenerativeModel
FN:99,text
FN:102,GoogleGenerativeAI
FN:103,getGenerativeModel
FN:116,GoogleGenerativeAI
FN:117,getGenerativeModel
FN:131,GoogleGenerativeAI
FN:132,getGenerativeModel
FN:133,text
FNF:17
FNH:17
FNDA:8,baseEvent
FNDA:1,GoogleGenerativeAI
FNDA:1,getGenerativeModel
FNDA:1,text
FNDA:1,<instance_members_initializer>
FNDA:1,default
FNDA:1,text
FNDA:1,GoogleGenerativeAI
FNDA:1,getGenerativeModel
FNDA:1,text
FNDA:1,GoogleGenerativeAI
FNDA:1,getGenerativeModel
FNDA:1,GoogleGenerativeAI
FNDA:1,getGenerativeModel
FNDA:1,GoogleGenerativeAI
FNDA:1,getGenerativeModel
FNDA:1,text
DA:1,1
DA:3,1
DA:6,8
DA:7,8
DA:8,8
DA:9,8
DA:10,8
DA:11,8
DA:12,8
DA:13,8
DA:16,1
DA:17,1
DA:18,1
DA:19,1
DA:20,1
DA:22,1
DA:23,1
DA:24,8
DA:25,8
DA:26,1
DA:28,1
DA:29,1
DA:30,1
DA:31,1
DA:32,1
DA:33,1
DA:35,1
DA:37,1
DA:38,1
DA:39,1
DA:40,1
DA:41,1
DA:42,1
DA:43,1
DA:44,1
DA:45,1
DA:46,1
DA:47,1
DA:48,1
DA:49,1
DA:50,1
DA:52,1
DA:54,1
DA:55,1
DA:56,1
DA:57,1
DA:58,1
DA:59,1
DA:60,1
DA:61,1
DA:62,1
DA:63,1
DA:64,1
DA:65,1
DA:66,1
DA:67,1
DA:68,1
DA:70,1
DA:71,1
DA:72,1
DA:73,1
DA:74,1
DA:75,1
DA:76,1
DA:77,1
DA:78,1
DA:79,1
DA:80,1
DA:81,1
DA:82,1
DA:84,1
DA:85,1
DA:86,1
DA:87,1
DA:88,1
DA:89,1
DA:90,1
DA:91,1
DA:92,1
DA:93,1
DA:94,1
DA:95,1
DA:96,1
DA:98,1
DA:99,1
DA:100,1
DA:101,1
DA:102,1
DA:103,1
DA:104,1
DA:105,1
DA:106,1
DA:107,1
DA:108,1
DA:109,1
DA:110,1
DA:111,1
DA:113,1
DA:114,1
DA:115,1
DA:116,1
DA:117,1
DA:118,1
DA:119,1
DA:120,1
DA:121,1
DA:122,1
DA:123,1
DA:124,1
DA:125,1
DA:126,1
DA:128,1
DA:129,1
DA:130,1
DA:131,1
DA:132,1
DA:133,1
DA:134,1
DA:135,1
DA:136,1
DA:137,1
DA:138,1
DA:139,1
DA:140,1
DA:141,1
DA:142,1
LF:126
LH:126
BRDA:6,0,0,8
BRDA:22,1,0,1
BRDA:23,2,0,8
BRDA:28,3,0,1
BRDA:35,4,0,1
BRDA:52,5,0,1
BRDA:54,6,0,1
BRDA:56,7,0,1
BRDA:57,8,0,1
BRDA:58,9,0,1
BRDA:70,10,0,1
BRDA:71,11,0,1
BRDA:72,12,0,1
BRDA:73,13,0,1
BRDA:84,14,0,1
BRDA:85,15,0,1
BRDA:86,16,0,1
BRDA:88,17,0,1
BRDA:89,18,0,1
BRDA:98,19,0,1
BRDA:99,20,0,1
BRDA:100,21,0,1
BRDA:102,22,0,1
BRDA:103,23,0,1
BRDA:113,24,0,1
BRDA:114,25,0,1
BRDA:116,26,0,1
BRDA:117,27,0,1
BRDA:128,28,0,1
BRDA:129,29,0,1
BRDA:131,30,0,1
BRDA:132,31,0,1
BRDA:133,32,0,1
BRF:33
BRH:33
end_of_record
TN:
SF:tests\quizStore.test.ts
FN:17,getStore
FN:31,getStore
FNF:2
FNH:2
FNDA:1,getStore
FNDA:1,getStore
DA:1,1
DA:4,1
DA:6,1
DA:7,1
DA:8,2
DA:9,2
DA:10,2
DA:11,1
DA:13,1
DA:15,1
DA:16,1
DA:17,1
DA:18,1
DA:20,1
DA:21,1
DA:22,1
DA:23,1
DA:24,1
DA:26,1
DA:27,1
DA:28,1
DA:30,1
DA:31,1
DA:33,1
DA:35,1
DA:36,1
DA:37,1
DA:38,1
DA:39,1
DA:40,1
LF:30
LH:30
BRDA:6,0,0,1
BRDA:7,1,0,2
BRDA:13,2,0,1
BRDA:16,3,0,1
BRDA:17,4,0,1
BRDA:26,5,0,1
BRDA:31,6,0,1
BRDA:31,7,0,1
BRF:8
BRH:8
end_of_record
TN:
SF:tests\quizStoreCrud.test.ts
FNF:0
FNH:0
DA:1,1
DA:2,1
DA:5,1
DA:7,1
DA:8,1
DA:9,1
DA:11,1
DA:12,1
DA:13,1
DA:15,1
DA:16,1
DA:17,1
DA:18,1
DA:19,1
DA:20,1
DA:22,1
DA:23,1
DA:25,1
DA:26,1
DA:27,1
DA:28,1
DA:29,1
LF:22
LH:22
BRDA:7,0,0,1
BRDA:11,1,0,1
BRDA:15,2,0,1
BRF:3
BRH:3
end_of_record
TN:
SF:tests\saveQuizFunction.test.ts
FNF:0
FNH:0
DA:1,1
DA:4,1
DA:6,1
DA:7,1
DA:8,3
DA:9,1
DA:11,1
DA:13,1
DA:14,1
DA:15,1
DA:16,1
DA:17,1
DA:18,1
DA:19,1
DA:20,1
DA:22,1
DA:23,1
DA:24,1
DA:25,1
DA:26,1
DA:27,1
DA:28,1
DA:29,1
DA:30,1
DA:31,1
DA:32,1
DA:33,1
DA:34,1
DA:36,1
DA:37,1
DA:38,1
DA:39,1
DA:40,1
DA:41,1
DA:42,1
DA:43,1
DA:44,1
DA:45,1
DA:46,1
DA:47,1
LF:40
LH:40
BRDA:6,0,0,1
BRDA:7,1,0,3
BRDA:11,2,0,1
BRDA:13,3,0,1
BRDA:22,4,0,1
BRDA:24,5,0,1
BRDA:36,6,0,1
BRDA:37,7,0,1
BRF:8
BRH:8
end_of_record
TN:
SF:tests\settingsManager.test.ts
FNF:0
FNH:0
DA:1,1
DA:2,1
DA:5,1
DA:7,1
DA:8,1
DA:9,9
DA:10,1
DA:12,1
DA:13,1
DA:14,1
DA:15,1
DA:16,1
DA:17,1
DA:18,1
DA:19,1
DA:20,1
DA:21,1
DA:22,1
DA:24,1
DA:25,9
DA:26,9
DA:27,9
DA:28,9
DA:29,9
DA:30,9
DA:31,9
DA:32,9
DA:33,9
DA:34,1
LF:29
LH:29
BRDA:7,0,0,1
BRDA:24,1,0,9
BRDA:8,2,0,9
BRDA:25,3,0,9
BRF:4
BRH:4
end_of_record
TN:
SF:tests\settingsManagerError.test.ts
FNF:0
FNH:0
DA:1,1
DA:2,1
DA:5,1
DA:7,1
DA:8,1
DA:9,2
DA:10,1
DA:12,1
DA:13,1
DA:14,1
DA:15,1
DA:16,1
DA:18,1
DA:19,1
DA:20,1
DA:21,1
DA:22,1
DA:24,1
DA:25,1
DA:26,1
LF:20
LH:20
BRDA:7,0,0,1
BRDA:8,1,0,2
BRDA:12,2,0,1
BRDA:18,3,0,1
BRF:4
BRH:4
end_of_record
TN:
SF:tests\components\QuizForm.test.tsx
FNF:0
FNH:0
DA:1,1
DA:22,1
DA:23,1
DA:24,1
DA:25,1
DA:26,1
DA:27,1
DA:28,1
DA:29,1
DA:31,1
DA:32,1
DA:33,1
DA:35,1
DA:36,11
DA:37,1
DA:39,1
DA:41,1
DA:43,1
DA:44,1
DA:45,1
DA:46,1
DA:47,1
DA:49,1
DA:50,1
DA:51,1
DA:52,1
DA:53,1
DA:54,1
DA:55,1
DA:56,1
DA:57,1
DA:58,1
DA:60,1
DA:61,1
DA:62,1
DA:63,1
DA:64,1
DA:65,1
DA:66,1
DA:68,1
DA:69,1
DA:70,1
DA:71,1
DA:72,1
DA:73,1
DA:74,1
DA:75,1
DA:77,1
DA:78,1
DA:79,1
DA:80,1
DA:82,1
DA:83,1
DA:84,1
DA:85,1
DA:86,1
DA:87,1
DA:88,1
DA:89,1
DA:91,1
DA:92,1
DA:93,1
DA:94,1
DA:95,1
DA:96,1
DA:97,1
DA:98,2
DA:99,2
DA:100,1
DA:102,1
DA:103,1
DA:104,1
DA:105,1
DA:107,1
DA:108,1
DA:109,1
DA:110,1
DA:111,1
DA:113,1
DA:114,1
DA:116,1
DA:117,1
DA:118,1
DA:119,1
DA:120,1
DA:121,1
DA:122,1
DA:124,1
DA:125,1
DA:127,1
DA:129,1
DA:130,1
DA:131,1
DA:132,1
DA:133,1
DA:134,1
DA:135,1
DA:136,1
DA:137,1
DA:139,1
DA:140,1
DA:141,1
DA:142,1
DA:143,1
DA:144,1
DA:145,1
DA:146,1
DA:147,1
DA:149,1
DA:150,1
DA:151,1
DA:152,1
DA:153,1
DA:154,1
LF:114
LH:114
BRDA:31,0,0,1
BRDA:35,1,0,11
BRDA:39,2,0,11
BRDA:43,3,0,1
BRDA:49,4,0,1
BRDA:60,5,0,1
BRDA:68,6,0,1
BRDA:72,7,0,1
BRDA:77,8,0,1
BRDA:91,9,0,1
BRDA:97,10,0,2
BRDA:107,11,0,1
BRDA:111,12,0,1
BRDA:116,13,0,1
BRDA:124,14,0,1
BRDA:139,15,0,1
BRDA:149,16,0,1
BRF:17
BRH:17
end_of_record
TN:
SF:tests\components\QuizGenerator.test.tsx
FN:19,baseQuiz
FNF:1
FNH:1
FNDA:7,baseQuiz
DA:1,1
DA:17,1
DA:19,1
DA:20,7
DA:21,7
DA:22,7
DA:23,7
DA:24,7
DA:25,7
DA:26,7
DA:27,7
DA:28,7
DA:29,7
DA:31,1
DA:32,1
DA:33,1
DA:34,1
DA:36,1
DA:37,9
DA:38,9
DA:39,1
DA:41,1
DA:42,1
DA:43,1
DA:44,1
DA:46,1
DA:47,1
DA:48,1
DA:49,1
DA:50,1
DA:51,1
DA:53,1
DA:54,1
DA:55,1
DA:56,1
DA:58,1
DA:59,1
DA:60,1
DA:61,1
DA:62,1
DA:63,1
DA:65,1
DA:66,1
DA:67,1
DA:68,1
DA:69,1
DA:70,1
DA:71,1
DA:73,1
DA:74,1
DA:75,1
DA:76,1
DA:77,1
DA:79,1
DA:80,1
DA:81,1
DA:82,1
DA:83,1
DA:84,1
DA:85,1
DA:86,1
DA:87,1
DA:89,1
DA:90,1
DA:91,1
DA:92,1
DA:93,1
DA:94,1
DA:95,1
DA:96,1
DA:98,1
DA:99,1
DA:100,1
DA:101,1
DA:102,1
DA:103,1
DA:104,1
LF:77
LH:77
BRDA:19,0,0,7
BRDA:20,1,0,2
BRDA:21,2,0,3
BRDA:22,3,0,6
BRDA:23,4,0,6
BRDA:24,5,0,4
BRDA:31,6,0,1
BRDA:36,7,0,9
BRDA:41,8,0,1
BRDA:46,9,0,1
BRDA:53,10,0,1
BRDA:58,11,0,1
BRDA:65,12,0,1
BRDA:73,13,0,1
BRDA:79,14,0,1
BRDA:89,15,0,1
BRDA:98,16,0,1
BRF:17
BRH:17
end_of_record
TN:
SF:tests\e2e\quiz-flow.spec.ts
FN:1,(empty-report)
FNF:1
FNH:0
FNDA:0,(empty-report)
DA:1,0
DA:3,0
DA:5,0
DA:6,0
DA:7,0
DA:9,0
DA:12,0
DA:13,0
DA:14,0
DA:17,0
DA:18,0
DA:21,0
DA:22,0
DA:25,0
DA:26,0
DA:27,0
DA:28,0
DA:29,0
DA:31,0
DA:34,0
DA:35,0
DA:36,0
DA:37,0
LF:23
LH:0
BRDA:1,0,0,0
BRF:1
BRH:0
end_of_record
TN:
SF:tests\hooks\useDelayedUnmount.test.tsx
FN:9,__vite_ssr_import_1__.renderHook.initialProps.mounted
FN:23,__vite_ssr_import_1__.renderHook.initialProps.mounted
FNF:2
FNH:2
FNDA:4,__vite_ssr_import_1__.renderHook.initialProps.mounted
FNDA:4,__vite_ssr_import_1__.renderHook.initialProps.mounted
DA:1,1
DA:2,1
DA:3,1
DA:5,1
DA:7,1
DA:8,1
DA:9,1
DA:10,1
DA:11,1
DA:12,1
DA:13,1
DA:14,1
DA:15,1
DA:16,1
DA:17,1
DA:18,1
DA:19,1
DA:20,1
DA:22,1
DA:23,1
DA:24,1
DA:25,1
DA:26,1
DA:27,1
DA:28,1
DA:29,1
DA:30,1
DA:31,1
LF:28
LH:28
BRDA:7,0,0,1
BRDA:8,1,0,1
BRDA:9,2,0,4
BRDA:15,3,0,1
BRDA:17,4,0,1
BRDA:22,5,0,1
BRDA:23,6,0,4
BRDA:26,7,0,1
BRDA:28,8,0,1
BRF:9
BRH:9
end_of_record
TN:
SF:tests\services\aiService.test.ts
FN:50,json
FN:66,json
FN:76,json
FN:84,json
FNF:4
FNH:4
FNDA:1,json
FNDA:1,json
FNDA:1,json
FNDA:1,json
DA:1,1
DA:10,1
DA:12,1
DA:13,5
DA:14,5
DA:15,5
DA:16,5
DA:18,1
DA:19,5
DA:20,5
DA:22,1
DA:23,1
DA:24,1
DA:25,1
DA:26,1
DA:27,1
DA:28,1
DA:29,1
DA:30,1
DA:32,1
DA:33,1
DA:34,1
DA:35,1
DA:36,1
DA:37,1
DA:38,1
DA:39,1
DA:40,1
DA:42,1
DA:43,1
DA:44,1
DA:45,1
DA:46,1
DA:48,1
DA:49,1
DA:50,1
DA:51,1
DA:52,1
DA:53,1
DA:54,1
DA:55,1
DA:56,1
DA:57,1
DA:58,1
DA:59,1
DA:61,1
DA:62,1
DA:64,1
DA:65,1
DA:66,1
DA:67,1
DA:68,1
DA:69,1
DA:70,1
DA:71,1
DA:72,1
DA:74,1
DA:75,1
DA:76,1
DA:77,1
DA:78,1
DA:79,1
DA:80,1
DA:82,1
DA:83,1
DA:84,1
DA:85,1
DA:86,1
DA:87,1
LF:69
LH:69
BRDA:12,0,0,5
BRDA:18,1,0,5
BRDA:42,2,0,1
BRDA:43,3,0,1
BRDA:48,4,0,1
BRDA:50,5,0,1
BRDA:64,6,0,1
BRDA:66,7,0,1
BRDA:74,8,0,1
BRDA:76,9,0,1
BRDA:77,10,0,1
BRDA:82,11,0,1
BRDA:84,12,0,1
BRF:13
BRH:13
end_of_record
TN:
SF:tests\services\quizHistory.test.ts
FN:49,text
FN:54,fr.onerror
FN:55,fr.onload
FN:69,text
FN:74,fr.onerror
FN:75,fr.onload
FNF:6
FNH:4
FNDA:1,text
FNDA:0,fr.onerror
FNDA:1,fr.onload
FNDA:1,text
FNDA:0,fr.onerror
FNDA:1,fr.onload
DA:1,1
DA:7,1
DA:8,1
DA:9,1
DA:10,1
DA:11,1
DA:12,1
DA:13,1
DA:14,1
DA:15,1
DA:16,1
DA:18,1
DA:19,6
DA:20,6
DA:21,1
DA:23,1
DA:24,1
DA:25,1
DA:27,1
DA:28,1
DA:29,1
DA:30,1
DA:31,1
DA:32,1
DA:33,1
DA:35,1
DA:36,1
DA:37,1
DA:38,1
DA:39,1
DA:40,1
DA:41,1
DA:43,1
DA:44,1
DA:45,1
DA:46,1
DA:47,1
DA:48,1
DA:49,1
DA:50,1
DA:51,0
DA:52,1
DA:53,1
DA:54,1
DA:55,1
DA:56,1
DA:57,1
DA:58,1
DA:59,1
DA:61,1
DA:62,1
DA:64,1
DA:65,1
DA:66,1
DA:67,1
DA:68,1
DA:69,1
DA:70,1
DA:71,0
DA:72,1
DA:73,1
DA:74,1
DA:75,1
DA:76,1
DA:77,1
DA:78,1
DA:79,1
DA:80,1
DA:81,1
DA:82,1
DA:84,1
DA:85,1
DA:86,1
DA:87,1
DA:88,1
DA:89,1
DA:90,1
DA:91,1
DA:92,1
DA:93,1
LF:80
LH:78
BRDA:7,0,0,1
BRDA:18,1,0,6
BRDA:23,2,0,1
BRDA:27,3,0,1
BRDA:35,4,0,1
BRDA:43,5,0,1
BRDA:49,6,0,1
BRDA:50,7,0,0
BRDA:55,8,0,1
BRDA:64,9,0,1
BRDA:69,10,0,1
BRDA:70,11,0,0
BRDA:75,12,0,1
BRDA:84,13,0,1
BRDA:91,14,0,3
BRF:15
BRH:13
end_of_record
TN:
SF:types\netlify-blobs.d.ts
FN:1,(empty-report)
FNF:1
FNH:1
FNDA:1,(empty-report)
LF:0
LH:0
BRDA:1,0,0,1
BRF:1
BRH:1
end_of_record
TN:
SF:utils\localStorageManager.ts
FN:1,(empty-report)
FNF:1
FNH:1
FNDA:1,(empty-report)
DA:4,0
DA:5,0
DA:8,0
DA:9,0
DA:10,0
DA:11,0
DA:12,0
DA:13,0
DA:14,0
DA:16,0
DA:17,0
DA:18,0
DA:19,0
DA:20,0
DA:21,0
DA:22,0
DA:23,0
DA:24,0
DA:29,0
DA:30,0
DA:31,0
DA:32,0
DA:33,0
DA:34,0
DA:35,0
DA:36,0
DA:37,0
DA:38,0
DA:39,0
DA:40,0
DA:41,0
DA:43,0
DA:44,0
DA:45,0
DA:47,0
DA:48,0
DA:49,0
DA:50,0
DA:51,0
DA:52,0
DA:53,0
DA:54,0
DA:55,0
DA:56,0
DA:57,0
DA:58,0
DA:59,0
DA:60,0
DA:61,0
DA:62,0
DA:63,0
DA:64,0
DA:65,0
DA:66,0
DA:67,0
DA:69,0
DA:70,0
DA:71,0
DA:72,0
DA:73,0
DA:74,0
DA:75,0
DA:76,0
DA:77,0
DA:78,0
DA:79,0
DA:80,0
DA:81,0
DA:82,0
DA:83,0
DA:84,0
DA:86,0
DA:87,0
DA:88,0
DA:89,0
DA:90,0
DA:91,0
DA:92,0
DA:93,0
DA:94,0
LF:80
LH:0
BRDA:1,0,0,1
BRF:1
BRH:1
end_of_record
TN:
SF:utils\settingsManager.ts
FN:31,saveSettings
FN:40,loadSettings
FN:90,setAIProvider
FN:97,getAIProvider
FN:103,setAPIKey
FN:110,getActiveAPIKey
FNF:6
FNH:1
FNDA:0,saveSettings
FNDA:12,loadSettings
FNDA:0,setAIProvider
FNDA:0,getAIProvider
FNDA:0,setAPIKey
FNDA:0,getActiveAPIKey
DA:5,1
DA:8,1
DA:9,1
DA:10,1
DA:11,1
DA:12,1
DA:13,1
DA:14,1
DA:15,1
DA:16,1
DA:17,1
DA:18,1
DA:19,1
DA:20,1
DA:21,1
DA:22,1
DA:23,1
DA:24,1
DA:25,1
DA:26,1
DA:27,1
DA:28,1
DA:31,1
DA:32,0
DA:33,0
DA:34,0
DA:35,0
DA:36,0
DA:37,0
DA:40,1
DA:41,12
DA:42,12
DA:43,12
DA:44,11
DA:47,11
DA:48,11
DA:49,11
DA:50,11
DA:51,1
DA:52,1
DA:53,12
DA:54,12
DA:55,12
DA:56,3
DA:57,3
DA:58,12
DA:59,1
DA:60,1
DA:61,1
DA:62,12
DA:63,12
DA:64,12
DA:65,3
DA:66,3
DA:67,12
DA:68,2
DA:69,12
DA:71,10
DA:72,10
DA:73,10
DA:74,10
DA:75,12
DA:76,12
DA:77,12
DA:78,12
DA:79,12
DA:80,12
DA:81,12
DA:82,1
DA:83,1
DA:84,1
DA:85,12
DA:90,1
DA:91,0
DA:92,0
DA:93,0
DA:94,0
DA:97,1
DA:98,0
DA:99,0
DA:100,0
DA:103,1
DA:104,0
DA:105,0
DA:106,0
DA:107,0
DA:110,1
DA:111,0
DA:112,0
DA:113,0
DA:114,0
LF:91
LH:70
BRDA:40,0,0,12
BRDA:43,1,0,1
BRDA:43,2,0,11
BRDA:50,3,0,1
BRDA:53,4,0,1
BRDA:54,5,0,2
BRDA:55,6,0,3
BRDA:58,7,0,1
BRDA:62,8,0,1
BRDA:63,9,0,2
BRDA:64,10,0,3
BRDA:67,11,0,2
BRDA:69,12,0,10
BRDA:75,13,0,1
BRDA:76,14,0,0
BRDA:77,15,0,1
BRDA:78,16,0,1
BRDA:81,17,0,1
BRF:18
BRH:17
end_of_record
TN:
SF:utils\tts.ts
FN:1,(empty-report)
FNF:1
FNH:1
FNDA:1,(empty-report)
DA:13,0
DA:15,0
DA:16,0
DA:17,0
DA:19,0
DA:20,0
DA:21,0
DA:22,0
DA:24,0
DA:25,0
DA:26,0
DA:27,0
DA:28,0
DA:29,0
DA:30,0
DA:31,0
DA:32,0
DA:33,0
DA:34,0
DA:35,0
DA:36,0
DA:38,0
DA:39,0
DA:40,0
DA:41,0
DA:43,0
DA:44,0
DA:45,0
DA:46,0
DA:47,0
DA:48,0
DA:49,0
DA:50,0
DA:51,0
DA:54,0
DA:55,0
DA:56,0
DA:57,0
DA:58,0
LF:39
LH:0
BRDA:1,0,0,1
BRF:1
BRH:1
end_of_record
TN:
SF:utils\untitled.tsx
FN:1,(empty-report)
FNF:1
FNH:1
FNDA:1,(empty-report)
LF:0
LH:0
BRDA:1,0,0,1
BRF:1
BRH:1
end_of_record
